{"/Users/rishigupta/Desktop/Nuclei/Svelte/toDoApp/to-do-app/postcss.config.js": {"path":"/Users/rishigupta/Desktop/Nuclei/Svelte/toDoApp/to-do-app/postcss.config.js","all":true,"statementMap":{"0":{"start":{"line":1,"column":0},"end":{"line":1,"column":16}},"1":{"start":{"line":2,"column":0},"end":{"line":2,"column":12}},"2":{"start":{"line":3,"column":0},"end":{"line":3,"column":20}},"3":{"start":{"line":4,"column":0},"end":{"line":4,"column":21}},"4":{"start":{"line":5,"column":0},"end":{"line":5,"column":4}},"5":{"start":{"line":6,"column":0},"end":{"line":6,"column":1}}},"s":{"0":0,"1":0,"2":0,"3":0,"4":0,"5":0},"branchMap":{"0":{"type":"branch","line":1,"loc":{"start":{"line":1,"column":0},"end":{"line":6,"column":1}},"locations":[{"start":{"line":1,"column":0},"end":{"line":6,"column":1}}]}},"b":{"0":[0]},"fnMap":{"0":{"name":"(empty-report)","decl":{"start":{"line":1,"column":0},"end":{"line":6,"column":1}},"loc":{"start":{"line":1,"column":0},"end":{"line":6,"column":1}},"line":1}},"f":{"0":0}}
,"/Users/rishigupta/Desktop/Nuclei/Svelte/toDoApp/to-do-app/svelte.config.js": {"path":"/Users/rishigupta/Desktop/Nuclei/Svelte/toDoApp/to-do-app/svelte.config.js","all":true,"statementMap":{"0":{"start":{"line":1,"column":0},"end":{"line":1,"column":45}},"1":{"start":{"line":2,"column":0},"end":{"line":2,"column":62}},"2":{"start":{"line":3,"column":0},"end":{"line":3,"column":0}},"3":{"start":{"line":4,"column":0},"end":{"line":4,"column":45}},"4":{"start":{"line":5,"column":0},"end":{"line":5,"column":16}},"5":{"start":{"line":6,"column":0},"end":{"line":6,"column":66}},"6":{"start":{"line":7,"column":0},"end":{"line":7,"column":44}},"7":{"start":{"line":8,"column":0},"end":{"line":8,"column":30}},"8":{"start":{"line":9,"column":0},"end":{"line":9,"column":0}},"9":{"start":{"line":10,"column":0},"end":{"line":10,"column":7}},"10":{"start":{"line":11,"column":0},"end":{"line":11,"column":107}},"11":{"start":{"line":12,"column":0},"end":{"line":12,"column":107}},"12":{"start":{"line":13,"column":0},"end":{"line":13,"column":82}},"13":{"start":{"line":14,"column":0},"end":{"line":14,"column":20}},"14":{"start":{"line":15,"column":0},"end":{"line":15,"column":2}},"15":{"start":{"line":16,"column":0},"end":{"line":16,"column":2}},"16":{"start":{"line":17,"column":0},"end":{"line":17,"column":0}},"17":{"start":{"line":18,"column":0},"end":{"line":18,"column":22}}},"s":{"0":0,"1":0,"2":0,"3":0,"4":0,"5":0,"6":0,"7":0,"8":0,"9":0,"10":0,"11":0,"12":0,"13":0,"14":0,"15":0,"16":0,"17":0},"branchMap":{"0":{"type":"branch","line":1,"loc":{"start":{"line":1,"column":0},"end":{"line":18,"column":22}},"locations":[{"start":{"line":1,"column":0},"end":{"line":18,"column":22}}]}},"b":{"0":[0]},"fnMap":{"0":{"name":"(empty-report)","decl":{"start":{"line":1,"column":0},"end":{"line":18,"column":22}},"loc":{"start":{"line":1,"column":0},"end":{"line":18,"column":22}},"line":1}},"f":{"0":0}}
,"/Users/rishigupta/Desktop/Nuclei/Svelte/toDoApp/to-do-app/tailwind.config.js": {"path":"/Users/rishigupta/Desktop/Nuclei/Svelte/toDoApp/to-do-app/tailwind.config.js","all":true,"statementMap":{"0":{"start":{"line":1,"column":0},"end":{"line":1,"column":43}},"1":{"start":{"line":2,"column":0},"end":{"line":2,"column":16}},"2":{"start":{"line":3,"column":0},"end":{"line":3,"column":45}},"3":{"start":{"line":4,"column":0},"end":{"line":4,"column":9}},"4":{"start":{"line":5,"column":0},"end":{"line":5,"column":12}},"5":{"start":{"line":6,"column":0},"end":{"line":6,"column":3}},"6":{"start":{"line":7,"column":0},"end":{"line":7,"column":12}},"7":{"start":{"line":8,"column":0},"end":{"line":8,"column":2}}},"s":{"0":0,"1":0,"2":0,"3":0,"4":0,"5":0,"6":0,"7":0},"branchMap":{"0":{"type":"branch","line":1,"loc":{"start":{"line":1,"column":0},"end":{"line":8,"column":2}},"locations":[{"start":{"line":1,"column":0},"end":{"line":8,"column":2}}]}},"b":{"0":[0]},"fnMap":{"0":{"name":"(empty-report)","decl":{"start":{"line":1,"column":0},"end":{"line":8,"column":2}},"loc":{"start":{"line":1,"column":0},"end":{"line":8,"column":2}},"line":1}},"f":{"0":0}}
,"/Users/rishigupta/Desktop/Nuclei/Svelte/toDoApp/to-do-app/src/lib/classes/Alert.ts": {"path":"/Users/rishigupta/Desktop/Nuclei/Svelte/toDoApp/to-do-app/src/lib/classes/Alert.ts","all":false,"statementMap":{"0":{"start":{"line":1,"column":0},"end":{"line":1,"column":52}},"1":{"start":{"line":2,"column":0},"end":{"line":2,"column":0}},"2":{"start":{"line":3,"column":0},"end":{"line":3,"column":20}},"3":{"start":{"line":4,"column":0},"end":{"line":4,"column":25}},"4":{"start":{"line":5,"column":0},"end":{"line":5,"column":56}},"5":{"start":{"line":6,"column":0},"end":{"line":6,"column":20}},"6":{"start":{"line":7,"column":0},"end":{"line":7,"column":79}},"7":{"start":{"line":8,"column":0},"end":{"line":8,"column":55}},"8":{"start":{"line":9,"column":0},"end":{"line":9,"column":49}},"9":{"start":{"line":10,"column":0},"end":{"line":10,"column":25}},"10":{"start":{"line":11,"column":0},"end":{"line":11,"column":19}},"11":{"start":{"line":12,"column":0},"end":{"line":12,"column":38}},"12":{"start":{"line":13,"column":0},"end":{"line":13,"column":2}},"13":{"start":{"line":14,"column":0},"end":{"line":14,"column":25}},"14":{"start":{"line":15,"column":0},"end":{"line":15,"column":17}},"15":{"start":{"line":16,"column":0},"end":{"line":16,"column":2}},"16":{"start":{"line":17,"column":0},"end":{"line":17,"column":30}},"17":{"start":{"line":18,"column":0},"end":{"line":18,"column":22}},"18":{"start":{"line":19,"column":0},"end":{"line":19,"column":2}},"19":{"start":{"line":20,"column":0},"end":{"line":20,"column":61}},"20":{"start":{"line":21,"column":0},"end":{"line":21,"column":19}},"21":{"start":{"line":22,"column":0},"end":{"line":22,"column":2}},"22":{"start":{"line":23,"column":0},"end":{"line":23,"column":43}},"23":{"start":{"line":24,"column":0},"end":{"line":24,"column":25}},"24":{"start":{"line":25,"column":0},"end":{"line":25,"column":2}},"25":{"start":{"line":26,"column":0},"end":{"line":26,"column":71}},"26":{"start":{"line":27,"column":0},"end":{"line":27,"column":19}},"27":{"start":{"line":28,"column":0},"end":{"line":28,"column":2}},"28":{"start":{"line":29,"column":0},"end":{"line":29,"column":1}}},"s":{"0":1,"1":1,"2":1,"3":12,"4":12,"5":12,"6":12,"7":12,"8":12,"9":11,"10":11,"11":11,"12":12,"13":12,"14":17,"15":17,"16":12,"17":14,"18":14,"19":12,"20":30,"21":30,"22":12,"23":1,"24":1,"25":12,"26":1,"27":1,"28":12},"branchMap":{"0":{"type":"branch","line":3,"loc":{"start":{"line":3,"column":7},"end":{"line":29,"column":1}},"locations":[{"start":{"line":3,"column":7},"end":{"line":29,"column":1}}]},"1":{"type":"branch","line":7,"loc":{"start":{"line":7,"column":1},"end":{"line":13,"column":2}},"locations":[{"start":{"line":7,"column":1},"end":{"line":13,"column":2}}]},"2":{"type":"branch","line":8,"loc":{"start":{"line":8,"column":16},"end":{"line":9,"column":19}},"locations":[{"start":{"line":8,"column":16},"end":{"line":9,"column":19}}]},"3":{"type":"branch","line":8,"loc":{"start":{"line":8,"column":16},"end":{"line":8,"column":55}},"locations":[{"start":{"line":8,"column":16},"end":{"line":8,"column":55}}]},"4":{"type":"branch","line":9,"loc":{"start":{"line":9,"column":13},"end":{"line":9,"column":49}},"locations":[{"start":{"line":9,"column":13},"end":{"line":9,"column":49}}]},"5":{"type":"branch","line":9,"loc":{"start":{"line":9,"column":47},"end":{"line":12,"column":38}},"locations":[{"start":{"line":9,"column":47},"end":{"line":12,"column":38}}]},"6":{"type":"branch","line":14,"loc":{"start":{"line":14,"column":8},"end":{"line":16,"column":2}},"locations":[{"start":{"line":14,"column":8},"end":{"line":16,"column":2}}]},"7":{"type":"branch","line":17,"loc":{"start":{"line":17,"column":8},"end":{"line":19,"column":2}},"locations":[{"start":{"line":17,"column":8},"end":{"line":19,"column":2}}]},"8":{"type":"branch","line":20,"loc":{"start":{"line":20,"column":8},"end":{"line":22,"column":2}},"locations":[{"start":{"line":20,"column":8},"end":{"line":22,"column":2}}]},"9":{"type":"branch","line":23,"loc":{"start":{"line":23,"column":8},"end":{"line":25,"column":2}},"locations":[{"start":{"line":23,"column":8},"end":{"line":25,"column":2}}]},"10":{"type":"branch","line":26,"loc":{"start":{"line":26,"column":8},"end":{"line":28,"column":2}},"locations":[{"start":{"line":26,"column":8},"end":{"line":28,"column":2}}]}},"b":{"0":[12],"1":[12],"2":[11],"3":[1],"4":[0],"5":[11],"6":[17],"7":[14],"8":[30],"9":[1],"10":[1]},"fnMap":{"0":{"name":"<instance_members_initializer>","decl":{"start":{"line":3,"column":7},"end":{"line":29,"column":1}},"loc":{"start":{"line":3,"column":7},"end":{"line":29,"column":1}},"line":3},"1":{"name":"Alert","decl":{"start":{"line":7,"column":1},"end":{"line":13,"column":2}},"loc":{"start":{"line":7,"column":1},"end":{"line":13,"column":2}},"line":7},"2":{"name":"getId","decl":{"start":{"line":14,"column":8},"end":{"line":16,"column":2}},"loc":{"start":{"line":14,"column":8},"end":{"line":16,"column":2}},"line":14},"3":{"name":"getMessage","decl":{"start":{"line":17,"column":8},"end":{"line":19,"column":2}},"loc":{"start":{"line":17,"column":8},"end":{"line":19,"column":2}},"line":17},"4":{"name":"getType","decl":{"start":{"line":20,"column":8},"end":{"line":22,"column":2}},"loc":{"start":{"line":20,"column":8},"end":{"line":22,"column":2}},"line":20},"5":{"name":"setMessage","decl":{"start":{"line":23,"column":8},"end":{"line":25,"column":2}},"loc":{"start":{"line":23,"column":8},"end":{"line":25,"column":2}},"line":23},"6":{"name":"setType","decl":{"start":{"line":26,"column":8},"end":{"line":28,"column":2}},"loc":{"start":{"line":26,"column":8},"end":{"line":28,"column":2}},"line":26}},"f":{"0":12,"1":12,"2":17,"3":14,"4":30,"5":1,"6":1}}
,"/Users/rishigupta/Desktop/Nuclei/Svelte/toDoApp/to-do-app/src/lib/classes/ToDoItem.ts": {"path":"/Users/rishigupta/Desktop/Nuclei/Svelte/toDoApp/to-do-app/src/lib/classes/ToDoItem.ts","all":false,"statementMap":{"0":{"start":{"line":1,"column":0},"end":{"line":1,"column":70}},"1":{"start":{"line":2,"column":0},"end":{"line":2,"column":76}},"2":{"start":{"line":3,"column":0},"end":{"line":3,"column":0}},"3":{"start":{"line":4,"column":0},"end":{"line":4,"column":23}},"4":{"start":{"line":5,"column":0},"end":{"line":5,"column":20}},"5":{"start":{"line":6,"column":0},"end":{"line":6,"column":23}},"6":{"start":{"line":7,"column":0},"end":{"line":7,"column":29}},"7":{"start":{"line":8,"column":0},"end":{"line":8,"column":28}},"8":{"start":{"line":9,"column":0},"end":{"line":9,"column":27}},"9":{"start":{"line":10,"column":0},"end":{"line":10,"column":36}},"10":{"start":{"line":11,"column":0},"end":{"line":11,"column":23}},"11":{"start":{"line":12,"column":0},"end":{"line":12,"column":24}},"12":{"start":{"line":13,"column":0},"end":{"line":13,"column":93}},"13":{"start":{"line":14,"column":0},"end":{"line":14,"column":22}},"14":{"start":{"line":15,"column":0},"end":{"line":15,"column":24}},"15":{"start":{"line":16,"column":0},"end":{"line":16,"column":61}},"16":{"start":{"line":17,"column":0},"end":{"line":17,"column":19}},"17":{"start":{"line":18,"column":0},"end":{"line":18,"column":19}},"18":{"start":{"line":19,"column":0},"end":{"line":19,"column":9}},"19":{"start":{"line":20,"column":0},"end":{"line":20,"column":69}},"20":{"start":{"line":21,"column":0},"end":{"line":21,"column":4}},"21":{"start":{"line":22,"column":0},"end":{"line":22,"column":17}},"22":{"start":{"line":23,"column":0},"end":{"line":23,"column":24}},"23":{"start":{"line":24,"column":0},"end":{"line":24,"column":24}},"24":{"start":{"line":25,"column":0},"end":{"line":25,"column":40}},"25":{"start":{"line":26,"column":0},"end":{"line":26,"column":5}},"26":{"start":{"line":27,"column":0},"end":{"line":27,"column":4}},"27":{"start":{"line":28,"column":0},"end":{"line":28,"column":23}},"28":{"start":{"line":29,"column":0},"end":{"line":29,"column":24}},"29":{"start":{"line":30,"column":0},"end":{"line":30,"column":30}},"30":{"start":{"line":31,"column":0},"end":{"line":31,"column":46}},"31":{"start":{"line":32,"column":0},"end":{"line":32,"column":5}},"32":{"start":{"line":33,"column":0},"end":{"line":33,"column":81}},"33":{"start":{"line":34,"column":0},"end":{"line":34,"column":83}},"34":{"start":{"line":35,"column":0},"end":{"line":35,"column":4}},"35":{"start":{"line":36,"column":0},"end":{"line":36,"column":0}},"36":{"start":{"line":37,"column":0},"end":{"line":37,"column":41}},"37":{"start":{"line":38,"column":0},"end":{"line":38,"column":65}},"38":{"start":{"line":39,"column":0},"end":{"line":39,"column":40}},"39":{"start":{"line":40,"column":0},"end":{"line":40,"column":4}},"40":{"start":{"line":41,"column":0},"end":{"line":41,"column":3}},"41":{"start":{"line":42,"column":0},"end":{"line":42,"column":15}},"42":{"start":{"line":43,"column":0},"end":{"line":43,"column":21}},"43":{"start":{"line":44,"column":0},"end":{"line":44,"column":33}},"44":{"start":{"line":45,"column":0},"end":{"line":45,"column":25}},"45":{"start":{"line":46,"column":0},"end":{"line":46,"column":32}},"46":{"start":{"line":47,"column":0},"end":{"line":47,"column":28}},"47":{"start":{"line":48,"column":0},"end":{"line":48,"column":25}},"48":{"start":{"line":49,"column":0},"end":{"line":49,"column":23}},"49":{"start":{"line":50,"column":0},"end":{"line":50,"column":2}},"50":{"start":{"line":51,"column":0},"end":{"line":51,"column":18}},"51":{"start":{"line":52,"column":0},"end":{"line":52,"column":17}},"52":{"start":{"line":53,"column":0},"end":{"line":53,"column":2}},"53":{"start":{"line":54,"column":0},"end":{"line":54,"column":21}},"54":{"start":{"line":55,"column":0},"end":{"line":55,"column":20}},"55":{"start":{"line":56,"column":0},"end":{"line":56,"column":2}},"56":{"start":{"line":57,"column":0},"end":{"line":57,"column":27}},"57":{"start":{"line":58,"column":0},"end":{"line":58,"column":26}},"58":{"start":{"line":59,"column":0},"end":{"line":59,"column":2}},"59":{"start":{"line":60,"column":0},"end":{"line":60,"column":26}},"60":{"start":{"line":61,"column":0},"end":{"line":61,"column":24}},"61":{"start":{"line":62,"column":0},"end":{"line":62,"column":2}},"62":{"start":{"line":63,"column":0},"end":{"line":63,"column":25}},"63":{"start":{"line":64,"column":0},"end":{"line":64,"column":26}},"64":{"start":{"line":65,"column":0},"end":{"line":65,"column":2}},"65":{"start":{"line":66,"column":0},"end":{"line":66,"column":34}},"66":{"start":{"line":67,"column":0},"end":{"line":67,"column":28}},"67":{"start":{"line":68,"column":0},"end":{"line":68,"column":2}},"68":{"start":{"line":69,"column":0},"end":{"line":69,"column":21}},"69":{"start":{"line":70,"column":0},"end":{"line":70,"column":22}},"70":{"start":{"line":71,"column":0},"end":{"line":71,"column":2}},"71":{"start":{"line":72,"column":0},"end":{"line":72,"column":22}},"72":{"start":{"line":73,"column":0},"end":{"line":73,"column":21}},"73":{"start":{"line":74,"column":0},"end":{"line":74,"column":2}},"74":{"start":{"line":75,"column":0},"end":{"line":75,"column":26}},"75":{"start":{"line":76,"column":0},"end":{"line":76,"column":15}},"76":{"start":{"line":77,"column":0},"end":{"line":77,"column":2}},"77":{"start":{"line":78,"column":0},"end":{"line":78,"column":32}},"78":{"start":{"line":79,"column":0},"end":{"line":79,"column":21}},"79":{"start":{"line":80,"column":0},"end":{"line":80,"column":2}},"80":{"start":{"line":81,"column":0},"end":{"line":81,"column":44}},"81":{"start":{"line":82,"column":0},"end":{"line":82,"column":33}},"82":{"start":{"line":83,"column":0},"end":{"line":83,"column":2}},"83":{"start":{"line":84,"column":0},"end":{"line":84,"column":41}},"84":{"start":{"line":85,"column":0},"end":{"line":85,"column":29}},"85":{"start":{"line":86,"column":0},"end":{"line":86,"column":53}},"86":{"start":{"line":87,"column":0},"end":{"line":87,"column":2}},"87":{"start":{"line":88,"column":0},"end":{"line":88,"column":53}},"88":{"start":{"line":89,"column":0},"end":{"line":89,"column":37}},"89":{"start":{"line":90,"column":0},"end":{"line":90,"column":2}},"90":{"start":{"line":91,"column":0},"end":{"line":91,"column":34}},"91":{"start":{"line":92,"column":0},"end":{"line":92,"column":25}},"92":{"start":{"line":93,"column":0},"end":{"line":93,"column":2}},"93":{"start":{"line":94,"column":0},"end":{"line":94,"column":34}},"94":{"start":{"line":95,"column":0},"end":{"line":95,"column":23}},"95":{"start":{"line":96,"column":0},"end":{"line":96,"column":2}},"96":{"start":{"line":97,"column":0},"end":{"line":97,"column":42}},"97":{"start":{"line":98,"column":0},"end":{"line":98,"column":33}},"98":{"start":{"line":99,"column":0},"end":{"line":99,"column":2}},"99":{"start":{"line":100,"column":0},"end":{"line":100,"column":14}},"100":{"start":{"line":101,"column":0},"end":{"line":101,"column":5}},"101":{"start":{"line":102,"column":0},"end":{"line":102,"column":8}},"102":{"start":{"line":103,"column":0},"end":{"line":103,"column":14}},"103":{"start":{"line":104,"column":0},"end":{"line":104,"column":12}},"104":{"start":{"line":105,"column":0},"end":{"line":105,"column":14}},"105":{"start":{"line":106,"column":0},"end":{"line":106,"column":16}},"106":{"start":{"line":107,"column":0},"end":{"line":107,"column":10}},"107":{"start":{"line":108,"column":0},"end":{"line":108,"column":8}},"108":{"start":{"line":109,"column":0},"end":{"line":109,"column":5}},"109":{"start":{"line":110,"column":0},"end":{"line":110,"column":13}},"110":{"start":{"line":111,"column":0},"end":{"line":111,"column":16}},"111":{"start":{"line":112,"column":0},"end":{"line":112,"column":22}},"112":{"start":{"line":113,"column":0},"end":{"line":113,"column":21}},"113":{"start":{"line":114,"column":0},"end":{"line":114,"column":20}},"114":{"start":{"line":115,"column":0},"end":{"line":115,"column":29}},"115":{"start":{"line":116,"column":0},"end":{"line":116,"column":16}},"116":{"start":{"line":117,"column":0},"end":{"line":117,"column":17}},"117":{"start":{"line":118,"column":0},"end":{"line":118,"column":15}},"118":{"start":{"line":119,"column":0},"end":{"line":119,"column":94}},"119":{"start":{"line":120,"column":0},"end":{"line":120,"column":67}},"120":{"start":{"line":121,"column":0},"end":{"line":121,"column":31}},"121":{"start":{"line":122,"column":0},"end":{"line":122,"column":72}},"122":{"start":{"line":123,"column":0},"end":{"line":123,"column":45}},"123":{"start":{"line":124,"column":0},"end":{"line":124,"column":14}},"124":{"start":{"line":125,"column":0},"end":{"line":125,"column":2}},"125":{"start":{"line":126,"column":0},"end":{"line":126,"column":1}}},"s":{"0":1,"1":1,"2":1,"3":1,"4":19,"5":19,"6":19,"7":19,"8":19,"9":19,"10":19,"11":19,"12":19,"13":19,"14":19,"15":19,"16":19,"17":19,"18":19,"19":19,"20":19,"21":19,"22":19,"23":19,"24":19,"25":19,"26":19,"27":19,"28":19,"29":19,"30":19,"31":19,"32":19,"33":19,"34":19,"35":19,"36":19,"37":89,"38":4,"39":4,"40":89,"41":15,"42":15,"43":15,"44":15,"45":15,"46":15,"47":15,"48":15,"49":19,"50":19,"51":82,"52":82,"53":19,"54":26,"55":26,"56":19,"57":26,"58":26,"59":19,"60":74,"61":74,"62":19,"63":3,"64":3,"65":19,"66":14,"67":14,"68":19,"69":25,"70":25,"71":19,"72":3,"73":3,"74":19,"75":1,"76":1,"77":19,"78":1,"79":1,"80":19,"81":1,"82":1,"83":19,"84":7,"85":7,"86":7,"87":19,"88":2,"89":2,"90":19,"91":1,"92":1,"93":19,"94":1,"95":1,"96":19,"97":2,"98":2,"99":19,"100":5,"101":5,"102":5,"103":5,"104":5,"105":5,"106":5,"107":5,"108":5,"109":5,"110":5,"111":5,"112":5,"113":5,"114":5,"115":5,"116":5,"117":5,"118":5,"119":5,"120":5,"121":5,"122":5,"123":5,"124":5,"125":19},"branchMap":{"0":{"type":"branch","line":4,"loc":{"start":{"line":4,"column":7},"end":{"line":126,"column":1}},"locations":[{"start":{"line":4,"column":7},"end":{"line":126,"column":1}}]},"1":{"type":"branch","line":13,"loc":{"start":{"line":13,"column":1},"end":{"line":50,"column":2}},"locations":[{"start":{"line":13,"column":1},"end":{"line":50,"column":2}}]},"2":{"type":"branch","line":37,"loc":{"start":{"line":37,"column":40},"end":{"line":41,"column":3}},"locations":[{"start":{"line":37,"column":40},"end":{"line":41,"column":3}}]},"3":{"type":"branch","line":38,"loc":{"start":{"line":38,"column":64},"end":{"line":40,"column":4}},"locations":[{"start":{"line":38,"column":64},"end":{"line":40,"column":4}}]},"4":{"type":"branch","line":41,"loc":{"start":{"line":41,"column":2},"end":{"line":49,"column":23}},"locations":[{"start":{"line":41,"column":2},"end":{"line":49,"column":23}}]},"5":{"type":"branch","line":51,"loc":{"start":{"line":51,"column":1},"end":{"line":53,"column":2}},"locations":[{"start":{"line":51,"column":1},"end":{"line":53,"column":2}}]},"6":{"type":"branch","line":54,"loc":{"start":{"line":54,"column":1},"end":{"line":56,"column":2}},"locations":[{"start":{"line":54,"column":1},"end":{"line":56,"column":2}}]},"7":{"type":"branch","line":57,"loc":{"start":{"line":57,"column":1},"end":{"line":59,"column":2}},"locations":[{"start":{"line":57,"column":1},"end":{"line":59,"column":2}}]},"8":{"type":"branch","line":60,"loc":{"start":{"line":60,"column":1},"end":{"line":62,"column":2}},"locations":[{"start":{"line":60,"column":1},"end":{"line":62,"column":2}}]},"9":{"type":"branch","line":63,"loc":{"start":{"line":63,"column":1},"end":{"line":65,"column":2}},"locations":[{"start":{"line":63,"column":1},"end":{"line":65,"column":2}}]},"10":{"type":"branch","line":66,"loc":{"start":{"line":66,"column":1},"end":{"line":68,"column":2}},"locations":[{"start":{"line":66,"column":1},"end":{"line":68,"column":2}}]},"11":{"type":"branch","line":69,"loc":{"start":{"line":69,"column":1},"end":{"line":71,"column":2}},"locations":[{"start":{"line":69,"column":1},"end":{"line":71,"column":2}}]},"12":{"type":"branch","line":72,"loc":{"start":{"line":72,"column":1},"end":{"line":74,"column":2}},"locations":[{"start":{"line":72,"column":1},"end":{"line":74,"column":2}}]},"13":{"type":"branch","line":75,"loc":{"start":{"line":75,"column":1},"end":{"line":77,"column":2}},"locations":[{"start":{"line":75,"column":1},"end":{"line":77,"column":2}}]},"14":{"type":"branch","line":78,"loc":{"start":{"line":78,"column":1},"end":{"line":80,"column":2}},"locations":[{"start":{"line":78,"column":1},"end":{"line":80,"column":2}}]},"15":{"type":"branch","line":81,"loc":{"start":{"line":81,"column":1},"end":{"line":83,"column":2}},"locations":[{"start":{"line":81,"column":1},"end":{"line":83,"column":2}}]},"16":{"type":"branch","line":84,"loc":{"start":{"line":84,"column":1},"end":{"line":87,"column":2}},"locations":[{"start":{"line":84,"column":1},"end":{"line":87,"column":2}}]},"17":{"type":"branch","line":86,"loc":{"start":{"line":86,"column":23},"end":{"line":86,"column":48}},"locations":[{"start":{"line":86,"column":23},"end":{"line":86,"column":48}}]},"18":{"type":"branch","line":86,"loc":{"start":{"line":86,"column":44},"end":{"line":86,"column":53}},"locations":[{"start":{"line":86,"column":44},"end":{"line":86,"column":53}}]},"19":{"type":"branch","line":88,"loc":{"start":{"line":88,"column":1},"end":{"line":90,"column":2}},"locations":[{"start":{"line":88,"column":1},"end":{"line":90,"column":2}}]},"20":{"type":"branch","line":91,"loc":{"start":{"line":91,"column":1},"end":{"line":93,"column":2}},"locations":[{"start":{"line":91,"column":1},"end":{"line":93,"column":2}}]},"21":{"type":"branch","line":94,"loc":{"start":{"line":94,"column":1},"end":{"line":96,"column":2}},"locations":[{"start":{"line":94,"column":1},"end":{"line":96,"column":2}}]},"22":{"type":"branch","line":97,"loc":{"start":{"line":97,"column":1},"end":{"line":99,"column":2}},"locations":[{"start":{"line":97,"column":1},"end":{"line":99,"column":2}}]},"23":{"type":"branch","line":100,"loc":{"start":{"line":100,"column":8},"end":{"line":125,"column":2}},"locations":[{"start":{"line":100,"column":8},"end":{"line":125,"column":2}}]},"24":{"type":"branch","line":122,"loc":{"start":{"line":122,"column":24},"end":{"line":122,"column":66}},"locations":[{"start":{"line":122,"column":24},"end":{"line":122,"column":66}}]},"25":{"type":"branch","line":122,"loc":{"start":{"line":122,"column":62},"end":{"line":122,"column":70}},"locations":[{"start":{"line":122,"column":62},"end":{"line":122,"column":70}}]}},"b":{"0":[19],"1":[19],"2":[89],"3":[4],"4":[15],"5":[82],"6":[26],"7":[26],"8":[74],"9":[3],"10":[14],"11":[25],"12":[3],"13":[1],"14":[1],"15":[1],"16":[7],"17":[6],"18":[1],"19":[2],"20":[1],"21":[1],"22":[2],"23":[5],"24":[0],"25":[1]},"fnMap":{"0":{"name":"<instance_members_initializer>","decl":{"start":{"line":4,"column":7},"end":{"line":126,"column":1}},"loc":{"start":{"line":4,"column":7},"end":{"line":126,"column":1}},"line":4},"1":{"name":"ToDoItem","decl":{"start":{"line":13,"column":1},"end":{"line":50,"column":2}},"loc":{"start":{"line":13,"column":1},"end":{"line":50,"column":2}},"line":13},"2":{"name":"getId","decl":{"start":{"line":51,"column":1},"end":{"line":53,"column":2}},"loc":{"start":{"line":51,"column":1},"end":{"line":53,"column":2}},"line":51},"3":{"name":"getTitle","decl":{"start":{"line":54,"column":1},"end":{"line":56,"column":2}},"loc":{"start":{"line":54,"column":1},"end":{"line":56,"column":2}},"line":54},"4":{"name":"getDescription","decl":{"start":{"line":57,"column":1},"end":{"line":59,"column":2}},"loc":{"start":{"line":57,"column":1},"end":{"line":59,"column":2}},"line":57},"5":{"name":"getCompleted","decl":{"start":{"line":60,"column":1},"end":{"line":62,"column":2}},"loc":{"start":{"line":60,"column":1},"end":{"line":62,"column":2}},"line":60},"6":{"name":"getDateCreated","decl":{"start":{"line":63,"column":1},"end":{"line":65,"column":2}},"loc":{"start":{"line":63,"column":1},"end":{"line":65,"column":2}},"line":63},"7":{"name":"getDateCompleted","decl":{"start":{"line":66,"column":1},"end":{"line":68,"column":2}},"loc":{"start":{"line":66,"column":1},"end":{"line":68,"column":2}},"line":66},"8":{"name":"getDateDue","decl":{"start":{"line":69,"column":1},"end":{"line":71,"column":2}},"loc":{"start":{"line":69,"column":1},"end":{"line":71,"column":2}},"line":69},"9":{"name":"getUserId","decl":{"start":{"line":72,"column":1},"end":{"line":74,"column":2}},"loc":{"start":{"line":72,"column":1},"end":{"line":74,"column":2}},"line":72},"10":{"name":"setId","decl":{"start":{"line":75,"column":1},"end":{"line":77,"column":2}},"loc":{"start":{"line":75,"column":1},"end":{"line":77,"column":2}},"line":75},"11":{"name":"setTitle","decl":{"start":{"line":78,"column":1},"end":{"line":80,"column":2}},"loc":{"start":{"line":78,"column":1},"end":{"line":80,"column":2}},"line":78},"12":{"name":"setDescription","decl":{"start":{"line":81,"column":1},"end":{"line":83,"column":2}},"loc":{"start":{"line":81,"column":1},"end":{"line":83,"column":2}},"line":81},"13":{"name":"setCompleted","decl":{"start":{"line":84,"column":1},"end":{"line":87,"column":2}},"loc":{"start":{"line":84,"column":1},"end":{"line":87,"column":2}},"line":84},"14":{"name":"setDateCompleted","decl":{"start":{"line":88,"column":1},"end":{"line":90,"column":2}},"loc":{"start":{"line":88,"column":1},"end":{"line":90,"column":2}},"line":88},"15":{"name":"setDateDue","decl":{"start":{"line":91,"column":1},"end":{"line":93,"column":2}},"loc":{"start":{"line":91,"column":1},"end":{"line":93,"column":2}},"line":91},"16":{"name":"setUserId","decl":{"start":{"line":94,"column":1},"end":{"line":96,"column":2}},"loc":{"start":{"line":94,"column":1},"end":{"line":96,"column":2}},"line":94},"17":{"name":"setDateCreated","decl":{"start":{"line":97,"column":1},"end":{"line":99,"column":2}},"loc":{"start":{"line":97,"column":1},"end":{"line":99,"column":2}},"line":97},"18":{"name":"from","decl":{"start":{"line":100,"column":8},"end":{"line":125,"column":2}},"loc":{"start":{"line":100,"column":8},"end":{"line":125,"column":2}},"line":100}},"f":{"0":19,"1":19,"2":82,"3":26,"4":26,"5":74,"6":3,"7":14,"8":25,"9":3,"10":1,"11":1,"12":1,"13":7,"14":2,"15":1,"16":1,"17":2,"18":5}}
,"/Users/rishigupta/Desktop/Nuclei/Svelte/toDoApp/to-do-app/src/lib/classes/User.ts": {"path":"/Users/rishigupta/Desktop/Nuclei/Svelte/toDoApp/to-do-app/src/lib/classes/User.ts","all":false,"statementMap":{"0":{"start":{"line":1,"column":0},"end":{"line":1,"column":82}},"1":{"start":{"line":2,"column":0},"end":{"line":2,"column":0}},"2":{"start":{"line":3,"column":0},"end":{"line":3,"column":19}},"3":{"start":{"line":4,"column":0},"end":{"line":4,"column":20}},"4":{"start":{"line":5,"column":0},"end":{"line":5,"column":22}},"5":{"start":{"line":6,"column":0},"end":{"line":6,"column":23}},"6":{"start":{"line":7,"column":0},"end":{"line":7,"column":27}},"7":{"start":{"line":8,"column":0},"end":{"line":8,"column":23}},"8":{"start":{"line":9,"column":0},"end":{"line":9,"column":91}},"9":{"start":{"line":10,"column":0},"end":{"line":10,"column":51}},"10":{"start":{"line":11,"column":0},"end":{"line":11,"column":64}},"11":{"start":{"line":12,"column":0},"end":{"line":12,"column":37}},"12":{"start":{"line":13,"column":0},"end":{"line":13,"column":15}},"13":{"start":{"line":14,"column":0},"end":{"line":14,"column":19}},"14":{"start":{"line":15,"column":0},"end":{"line":15,"column":21}},"15":{"start":{"line":16,"column":0},"end":{"line":16,"column":43}},"16":{"start":{"line":17,"column":0},"end":{"line":17,"column":21}},"17":{"start":{"line":18,"column":0},"end":{"line":18,"column":2}},"18":{"start":{"line":19,"column":0},"end":{"line":19,"column":23}},"19":{"start":{"line":20,"column":0},"end":{"line":20,"column":13}},"20":{"start":{"line":21,"column":0},"end":{"line":21,"column":15}},"21":{"start":{"line":22,"column":0},"end":{"line":22,"column":16}},"22":{"start":{"line":23,"column":0},"end":{"line":23,"column":22}},"23":{"start":{"line":24,"column":0},"end":{"line":24,"column":15}},"24":{"start":{"line":25,"column":0},"end":{"line":25,"column":13}},"25":{"start":{"line":26,"column":0},"end":{"line":26,"column":14}},"26":{"start":{"line":27,"column":0},"end":{"line":27,"column":21}},"27":{"start":{"line":28,"column":0},"end":{"line":28,"column":23}},"28":{"start":{"line":29,"column":0},"end":{"line":29,"column":23}},"29":{"start":{"line":30,"column":0},"end":{"line":30,"column":34}},"30":{"start":{"line":31,"column":0},"end":{"line":31,"column":23}},"31":{"start":{"line":32,"column":0},"end":{"line":32,"column":4}},"32":{"start":{"line":33,"column":0},"end":{"line":33,"column":0}},"33":{"start":{"line":34,"column":0},"end":{"line":34,"column":10}},"34":{"start":{"line":35,"column":0},"end":{"line":35,"column":23}},"35":{"start":{"line":36,"column":0},"end":{"line":36,"column":25}},"36":{"start":{"line":37,"column":0},"end":{"line":37,"column":25}},"37":{"start":{"line":38,"column":0},"end":{"line":38,"column":36}},"38":{"start":{"line":39,"column":0},"end":{"line":39,"column":30}},"39":{"start":{"line":40,"column":0},"end":{"line":40,"column":4}},"40":{"start":{"line":41,"column":0},"end":{"line":41,"column":2}},"41":{"start":{"line":42,"column":0},"end":{"line":42,"column":18}},"42":{"start":{"line":43,"column":0},"end":{"line":43,"column":17}},"43":{"start":{"line":44,"column":0},"end":{"line":44,"column":2}},"44":{"start":{"line":45,"column":0},"end":{"line":45,"column":20}},"45":{"start":{"line":46,"column":0},"end":{"line":46,"column":19}},"46":{"start":{"line":47,"column":0},"end":{"line":47,"column":2}},"47":{"start":{"line":48,"column":0},"end":{"line":48,"column":21}},"48":{"start":{"line":49,"column":0},"end":{"line":49,"column":20}},"49":{"start":{"line":50,"column":0},"end":{"line":50,"column":2}},"50":{"start":{"line":51,"column":0},"end":{"line":51,"column":25}},"51":{"start":{"line":52,"column":0},"end":{"line":52,"column":26}},"52":{"start":{"line":53,"column":0},"end":{"line":53,"column":2}},"53":{"start":{"line":54,"column":0},"end":{"line":54,"column":21}},"54":{"start":{"line":55,"column":0},"end":{"line":55,"column":20}},"55":{"start":{"line":56,"column":0},"end":{"line":56,"column":2}},"56":{"start":{"line":57,"column":0},"end":{"line":57,"column":26}},"57":{"start":{"line":58,"column":0},"end":{"line":58,"column":15}},"58":{"start":{"line":59,"column":0},"end":{"line":59,"column":2}},"59":{"start":{"line":60,"column":0},"end":{"line":60,"column":0}},"60":{"start":{"line":61,"column":0},"end":{"line":61,"column":30}},"61":{"start":{"line":62,"column":0},"end":{"line":62,"column":19}},"62":{"start":{"line":63,"column":0},"end":{"line":63,"column":2}},"63":{"start":{"line":64,"column":0},"end":{"line":64,"column":32}},"64":{"start":{"line":65,"column":0},"end":{"line":65,"column":21}},"65":{"start":{"line":66,"column":0},"end":{"line":66,"column":2}},"66":{"start":{"line":67,"column":0},"end":{"line":67,"column":42}},"67":{"start":{"line":68,"column":0},"end":{"line":68,"column":33}},"68":{"start":{"line":69,"column":0},"end":{"line":69,"column":2}},"69":{"start":{"line":70,"column":0},"end":{"line":70,"column":32}},"70":{"start":{"line":71,"column":0},"end":{"line":71,"column":21}},"71":{"start":{"line":72,"column":0},"end":{"line":72,"column":2}},"72":{"start":{"line":73,"column":0},"end":{"line":73,"column":14}},"73":{"start":{"line":74,"column":0},"end":{"line":74,"column":5}},"74":{"start":{"line":75,"column":0},"end":{"line":75,"column":7}},"75":{"start":{"line":76,"column":0},"end":{"line":76,"column":8}},"76":{"start":{"line":77,"column":0},"end":{"line":77,"column":14}},"77":{"start":{"line":78,"column":0},"end":{"line":78,"column":7}},"78":{"start":{"line":79,"column":0},"end":{"line":79,"column":5}},"79":{"start":{"line":80,"column":0},"end":{"line":80,"column":13}},"80":{"start":{"line":81,"column":0},"end":{"line":81,"column":15}},"81":{"start":{"line":82,"column":0},"end":{"line":82,"column":16}},"82":{"start":{"line":83,"column":0},"end":{"line":83,"column":22}},"83":{"start":{"line":84,"column":0},"end":{"line":84,"column":16}},"84":{"start":{"line":85,"column":0},"end":{"line":85,"column":11}},"85":{"start":{"line":86,"column":0},"end":{"line":86,"column":55}},"86":{"start":{"line":87,"column":0},"end":{"line":87,"column":2}},"87":{"start":{"line":88,"column":0},"end":{"line":88,"column":1}}},"s":{"0":1,"1":1,"2":1,"3":11,"4":11,"5":11,"6":11,"7":11,"8":11,"9":11,"10":11,"11":11,"12":10,"13":10,"14":10,"15":10,"16":10,"17":11,"18":11,"19":17,"20":17,"21":17,"22":17,"23":17,"24":17,"25":17,"26":17,"27":17,"28":17,"29":17,"30":17,"31":17,"32":17,"33":17,"34":17,"35":14,"36":13,"37":11,"38":11,"39":17,"40":17,"41":11,"42":16,"43":16,"44":11,"45":9,"46":9,"47":11,"48":3,"49":3,"50":11,"51":4,"52":4,"53":11,"54":3,"55":3,"56":11,"57":1,"58":1,"59":11,"60":11,"61":1,"62":1,"63":11,"64":1,"65":1,"66":11,"67":1,"68":1,"69":11,"70":1,"71":1,"72":11,"73":1,"74":1,"75":1,"76":1,"77":1,"78":1,"79":1,"80":1,"81":1,"82":1,"83":1,"84":1,"85":1,"86":1,"87":11},"branchMap":{"0":{"type":"branch","line":3,"loc":{"start":{"line":3,"column":7},"end":{"line":88,"column":1}},"locations":[{"start":{"line":3,"column":7},"end":{"line":88,"column":1}}]},"1":{"type":"branch","line":9,"loc":{"start":{"line":9,"column":1},"end":{"line":18,"column":2}},"locations":[{"start":{"line":9,"column":1},"end":{"line":18,"column":2}}]},"2":{"type":"branch","line":12,"loc":{"start":{"line":12,"column":3},"end":{"line":12,"column":37}},"locations":[{"start":{"line":12,"column":3},"end":{"line":12,"column":37}}]},"3":{"type":"branch","line":12,"loc":{"start":{"line":12,"column":35},"end":{"line":17,"column":21}},"locations":[{"start":{"line":12,"column":35},"end":{"line":17,"column":21}}]},"4":{"type":"branch","line":19,"loc":{"start":{"line":19,"column":8},"end":{"line":41,"column":2}},"locations":[{"start":{"line":19,"column":8},"end":{"line":41,"column":2}}]},"5":{"type":"branch","line":35,"loc":{"start":{"line":35,"column":19},"end":{"line":36,"column":25}},"locations":[{"start":{"line":35,"column":19},"end":{"line":36,"column":25}}]},"6":{"type":"branch","line":36,"loc":{"start":{"line":36,"column":21},"end":{"line":37,"column":25}},"locations":[{"start":{"line":36,"column":21},"end":{"line":37,"column":25}}]},"7":{"type":"branch","line":37,"loc":{"start":{"line":37,"column":21},"end":{"line":38,"column":36}},"locations":[{"start":{"line":37,"column":21},"end":{"line":38,"column":36}}]},"8":{"type":"branch","line":38,"loc":{"start":{"line":38,"column":32},"end":{"line":39,"column":30}},"locations":[{"start":{"line":38,"column":32},"end":{"line":39,"column":30}}]},"9":{"type":"branch","line":42,"loc":{"start":{"line":42,"column":1},"end":{"line":44,"column":2}},"locations":[{"start":{"line":42,"column":1},"end":{"line":44,"column":2}}]},"10":{"type":"branch","line":45,"loc":{"start":{"line":45,"column":1},"end":{"line":47,"column":2}},"locations":[{"start":{"line":45,"column":1},"end":{"line":47,"column":2}}]},"11":{"type":"branch","line":48,"loc":{"start":{"line":48,"column":1},"end":{"line":50,"column":2}},"locations":[{"start":{"line":48,"column":1},"end":{"line":50,"column":2}}]},"12":{"type":"branch","line":51,"loc":{"start":{"line":51,"column":1},"end":{"line":53,"column":2}},"locations":[{"start":{"line":51,"column":1},"end":{"line":53,"column":2}}]},"13":{"type":"branch","line":54,"loc":{"start":{"line":54,"column":1},"end":{"line":56,"column":2}},"locations":[{"start":{"line":54,"column":1},"end":{"line":56,"column":2}}]},"14":{"type":"branch","line":57,"loc":{"start":{"line":57,"column":1},"end":{"line":59,"column":2}},"locations":[{"start":{"line":57,"column":1},"end":{"line":59,"column":2}}]},"15":{"type":"branch","line":61,"loc":{"start":{"line":61,"column":1},"end":{"line":63,"column":2}},"locations":[{"start":{"line":61,"column":1},"end":{"line":63,"column":2}}]},"16":{"type":"branch","line":64,"loc":{"start":{"line":64,"column":1},"end":{"line":66,"column":2}},"locations":[{"start":{"line":64,"column":1},"end":{"line":66,"column":2}}]},"17":{"type":"branch","line":67,"loc":{"start":{"line":67,"column":1},"end":{"line":69,"column":2}},"locations":[{"start":{"line":67,"column":1},"end":{"line":69,"column":2}}]},"18":{"type":"branch","line":70,"loc":{"start":{"line":70,"column":1},"end":{"line":72,"column":2}},"locations":[{"start":{"line":70,"column":1},"end":{"line":72,"column":2}}]},"19":{"type":"branch","line":73,"loc":{"start":{"line":73,"column":8},"end":{"line":87,"column":2}},"locations":[{"start":{"line":73,"column":8},"end":{"line":87,"column":2}}]}},"b":{"0":[11],"1":[11],"2":[1],"3":[10],"4":[17],"5":[14],"6":[13],"7":[11],"8":[11],"9":[16],"10":[9],"11":[3],"12":[4],"13":[3],"14":[1],"15":[1],"16":[1],"17":[1],"18":[1],"19":[1]},"fnMap":{"0":{"name":"<instance_members_initializer>","decl":{"start":{"line":3,"column":7},"end":{"line":88,"column":1}},"loc":{"start":{"line":3,"column":7},"end":{"line":88,"column":1}},"line":3},"1":{"name":"User","decl":{"start":{"line":9,"column":1},"end":{"line":18,"column":2}},"loc":{"start":{"line":9,"column":1},"end":{"line":18,"column":2}},"line":9},"2":{"name":"areValidFields","decl":{"start":{"line":19,"column":8},"end":{"line":41,"column":2}},"loc":{"start":{"line":19,"column":8},"end":{"line":41,"column":2}},"line":19},"3":{"name":"getId","decl":{"start":{"line":42,"column":1},"end":{"line":44,"column":2}},"loc":{"start":{"line":42,"column":1},"end":{"line":44,"column":2}},"line":42},"4":{"name":"getName","decl":{"start":{"line":45,"column":1},"end":{"line":47,"column":2}},"loc":{"start":{"line":45,"column":1},"end":{"line":47,"column":2}},"line":45},"5":{"name":"getEmail","decl":{"start":{"line":48,"column":1},"end":{"line":50,"column":2}},"loc":{"start":{"line":48,"column":1},"end":{"line":50,"column":2}},"line":48},"6":{"name":"getDateCreated","decl":{"start":{"line":51,"column":1},"end":{"line":53,"column":2}},"loc":{"start":{"line":51,"column":1},"end":{"line":53,"column":2}},"line":51},"7":{"name":"getToken","decl":{"start":{"line":54,"column":1},"end":{"line":56,"column":2}},"loc":{"start":{"line":54,"column":1},"end":{"line":56,"column":2}},"line":54},"8":{"name":"setId","decl":{"start":{"line":57,"column":1},"end":{"line":59,"column":2}},"loc":{"start":{"line":57,"column":1},"end":{"line":59,"column":2}},"line":57},"9":{"name":"setName","decl":{"start":{"line":61,"column":1},"end":{"line":63,"column":2}},"loc":{"start":{"line":61,"column":1},"end":{"line":63,"column":2}},"line":61},"10":{"name":"setEmail","decl":{"start":{"line":64,"column":1},"end":{"line":66,"column":2}},"loc":{"start":{"line":64,"column":1},"end":{"line":66,"column":2}},"line":64},"11":{"name":"setDateCreated","decl":{"start":{"line":67,"column":1},"end":{"line":69,"column":2}},"loc":{"start":{"line":67,"column":1},"end":{"line":69,"column":2}},"line":67},"12":{"name":"setToken","decl":{"start":{"line":70,"column":1},"end":{"line":72,"column":2}},"loc":{"start":{"line":70,"column":1},"end":{"line":72,"column":2}},"line":70},"13":{"name":"from","decl":{"start":{"line":73,"column":8},"end":{"line":87,"column":2}},"loc":{"start":{"line":73,"column":8},"end":{"line":87,"column":2}},"line":73}},"f":{"0":11,"1":11,"2":17,"3":16,"4":9,"5":3,"6":4,"7":3,"8":1,"9":1,"10":1,"11":1,"12":1,"13":1}}
,"/Users/rishigupta/Desktop/Nuclei/Svelte/toDoApp/to-do-app/src/lib/classes/firebaseController.ts": {"path":"/Users/rishigupta/Desktop/Nuclei/Svelte/toDoApp/to-do-app/src/lib/classes/firebaseController.ts","all":false,"statementMap":{"0":{"start":{"line":1,"column":0},"end":{"line":1,"column":63}},"1":{"start":{"line":2,"column":0},"end":{"line":2,"column":8}},"2":{"start":{"line":3,"column":0},"end":{"line":3,"column":25}},"3":{"start":{"line":4,"column":0},"end":{"line":4,"column":9}},"4":{"start":{"line":5,"column":0},"end":{"line":5,"column":20}},"5":{"start":{"line":6,"column":0},"end":{"line":6,"column":16}},"6":{"start":{"line":7,"column":0},"end":{"line":7,"column":17}},"7":{"start":{"line":8,"column":0},"end":{"line":8,"column":9}},"8":{"start":{"line":9,"column":0},"end":{"line":9,"column":10}},"9":{"start":{"line":10,"column":0},"end":{"line":10,"column":23}},"10":{"start":{"line":11,"column":0},"end":{"line":11,"column":51}},"11":{"start":{"line":12,"column":0},"end":{"line":12,"column":41}},"12":{"start":{"line":13,"column":0},"end":{"line":13,"column":8}},"13":{"start":{"line":14,"column":0},"end":{"line":14,"column":11}},"14":{"start":{"line":15,"column":0},"end":{"line":15,"column":8}},"15":{"start":{"line":16,"column":0},"end":{"line":16,"column":12}},"16":{"start":{"line":17,"column":0},"end":{"line":17,"column":11}},"17":{"start":{"line":18,"column":0},"end":{"line":18,"column":9}},"18":{"start":{"line":19,"column":0},"end":{"line":19,"column":14}},"19":{"start":{"line":20,"column":0},"end":{"line":20,"column":7}},"20":{"start":{"line":21,"column":0},"end":{"line":21,"column":11}},"21":{"start":{"line":22,"column":0},"end":{"line":22,"column":6}},"22":{"start":{"line":23,"column":0},"end":{"line":23,"column":28}},"23":{"start":{"line":24,"column":0},"end":{"line":24,"column":49}},"24":{"start":{"line":25,"column":0},"end":{"line":25,"column":45}},"25":{"start":{"line":26,"column":0},"end":{"line":26,"column":69}},"26":{"start":{"line":27,"column":0},"end":{"line":27,"column":0}},"27":{"start":{"line":28,"column":0},"end":{"line":28,"column":26}},"28":{"start":{"line":29,"column":0},"end":{"line":29,"column":16}},"29":{"start":{"line":30,"column":0},"end":{"line":30,"column":20}},"30":{"start":{"line":31,"column":0},"end":{"line":31,"column":19}},"31":{"start":{"line":32,"column":0},"end":{"line":32,"column":23}},"32":{"start":{"line":33,"column":0},"end":{"line":33,"column":27}},"33":{"start":{"line":34,"column":0},"end":{"line":34,"column":15}},"34":{"start":{"line":35,"column":0},"end":{"line":35,"column":1}},"35":{"start":{"line":36,"column":0},"end":{"line":36,"column":0}},"36":{"start":{"line":37,"column":0},"end":{"line":37,"column":33}},"37":{"start":{"line":38,"column":0},"end":{"line":38,"column":26}},"38":{"start":{"line":39,"column":0},"end":{"line":39,"column":20}},"39":{"start":{"line":40,"column":0},"end":{"line":40,"column":23}},"40":{"start":{"line":41,"column":0},"end":{"line":41,"column":50}},"41":{"start":{"line":42,"column":0},"end":{"line":42,"column":44}},"42":{"start":{"line":43,"column":0},"end":{"line":43,"column":28}},"43":{"start":{"line":44,"column":0},"end":{"line":44,"column":34}},"44":{"start":{"line":45,"column":0},"end":{"line":45,"column":42}},"45":{"start":{"line":46,"column":0},"end":{"line":46,"column":0}},"46":{"start":{"line":47,"column":0},"end":{"line":47,"column":45}},"47":{"start":{"line":48,"column":0},"end":{"line":48,"column":0}},"48":{"start":{"line":49,"column":0},"end":{"line":49,"column":57}},"49":{"start":{"line":50,"column":0},"end":{"line":50,"column":35}},"50":{"start":{"line":51,"column":0},"end":{"line":51,"column":29}},"51":{"start":{"line":52,"column":0},"end":{"line":52,"column":0}},"52":{"start":{"line":53,"column":0},"end":{"line":53,"column":23}},"53":{"start":{"line":54,"column":0},"end":{"line":54,"column":0}},"54":{"start":{"line":55,"column":0},"end":{"line":55,"column":35}},"55":{"start":{"line":56,"column":0},"end":{"line":56,"column":40}},"56":{"start":{"line":57,"column":0},"end":{"line":57,"column":48}},"57":{"start":{"line":58,"column":0},"end":{"line":58,"column":46}},"58":{"start":{"line":59,"column":0},"end":{"line":59,"column":54}},"59":{"start":{"line":60,"column":0},"end":{"line":60,"column":63}},"60":{"start":{"line":61,"column":0},"end":{"line":61,"column":37}},"61":{"start":{"line":62,"column":0},"end":{"line":62,"column":4}},"62":{"start":{"line":63,"column":0},"end":{"line":63,"column":0}},"63":{"start":{"line":64,"column":0},"end":{"line":64,"column":58}},"64":{"start":{"line":65,"column":0},"end":{"line":65,"column":32}},"65":{"start":{"line":66,"column":0},"end":{"line":66,"column":0}},"66":{"start":{"line":67,"column":0},"end":{"line":67,"column":48}},"67":{"start":{"line":68,"column":0},"end":{"line":68,"column":23}},"68":{"start":{"line":69,"column":0},"end":{"line":69,"column":20}},"69":{"start":{"line":70,"column":0},"end":{"line":70,"column":21}},"70":{"start":{"line":71,"column":0},"end":{"line":71,"column":21}},"71":{"start":{"line":72,"column":0},"end":{"line":72,"column":26}},"72":{"start":{"line":73,"column":0},"end":{"line":73,"column":17}},"73":{"start":{"line":74,"column":0},"end":{"line":74,"column":33}},"74":{"start":{"line":75,"column":0},"end":{"line":75,"column":28}},"75":{"start":{"line":76,"column":0},"end":{"line":76,"column":50}},"76":{"start":{"line":77,"column":0},"end":{"line":77,"column":34}},"77":{"start":{"line":78,"column":0},"end":{"line":78,"column":6}},"78":{"start":{"line":79,"column":0},"end":{"line":79,"column":33}},"79":{"start":{"line":80,"column":0},"end":{"line":80,"column":5}},"80":{"start":{"line":81,"column":0},"end":{"line":81,"column":35}},"81":{"start":{"line":82,"column":0},"end":{"line":82,"column":2}},"82":{"start":{"line":83,"column":0},"end":{"line":83,"column":0}},"83":{"start":{"line":84,"column":0},"end":{"line":84,"column":76}},"84":{"start":{"line":85,"column":0},"end":{"line":85,"column":23}},"85":{"start":{"line":86,"column":0},"end":{"line":86,"column":67}},"86":{"start":{"line":87,"column":0},"end":{"line":87,"column":3}},"87":{"start":{"line":88,"column":0},"end":{"line":88,"column":23}},"88":{"start":{"line":89,"column":0},"end":{"line":89,"column":2}},"89":{"start":{"line":90,"column":0},"end":{"line":90,"column":0}},"90":{"start":{"line":91,"column":0},"end":{"line":91,"column":38}},"91":{"start":{"line":92,"column":0},"end":{"line":92,"column":7}},"92":{"start":{"line":93,"column":0},"end":{"line":93,"column":60}},"93":{"start":{"line":94,"column":0},"end":{"line":94,"column":77}},"94":{"start":{"line":95,"column":0},"end":{"line":95,"column":70}},"95":{"start":{"line":96,"column":0},"end":{"line":96,"column":46}},"96":{"start":{"line":97,"column":0},"end":{"line":97,"column":30}},"97":{"start":{"line":98,"column":0},"end":{"line":98,"column":54}},"98":{"start":{"line":99,"column":0},"end":{"line":99,"column":26}},"99":{"start":{"line":100,"column":0},"end":{"line":100,"column":24}},"100":{"start":{"line":101,"column":0},"end":{"line":101,"column":40}},"101":{"start":{"line":102,"column":0},"end":{"line":102,"column":35}},"102":{"start":{"line":103,"column":0},"end":{"line":103,"column":57}},"103":{"start":{"line":104,"column":0},"end":{"line":104,"column":21}},"104":{"start":{"line":105,"column":0},"end":{"line":105,"column":6}},"105":{"start":{"line":106,"column":0},"end":{"line":106,"column":20}},"106":{"start":{"line":107,"column":0},"end":{"line":107,"column":24}},"107":{"start":{"line":108,"column":0},"end":{"line":108,"column":32}},"108":{"start":{"line":109,"column":0},"end":{"line":109,"column":38}},"109":{"start":{"line":110,"column":0},"end":{"line":110,"column":43}},"110":{"start":{"line":111,"column":0},"end":{"line":111,"column":40}},"111":{"start":{"line":112,"column":0},"end":{"line":112,"column":54}},"112":{"start":{"line":113,"column":0},"end":{"line":113,"column":44}},"113":{"start":{"line":114,"column":0},"end":{"line":114,"column":68}},"114":{"start":{"line":115,"column":0},"end":{"line":115,"column":27}},"115":{"start":{"line":116,"column":0},"end":{"line":116,"column":26}},"116":{"start":{"line":117,"column":0},"end":{"line":117,"column":3}},"117":{"start":{"line":118,"column":0},"end":{"line":118,"column":3}},"118":{"start":{"line":119,"column":0},"end":{"line":119,"column":18}},"119":{"start":{"line":120,"column":0},"end":{"line":120,"column":19}},"120":{"start":{"line":121,"column":0},"end":{"line":121,"column":3}},"121":{"start":{"line":122,"column":0},"end":{"line":122,"column":0}},"122":{"start":{"line":123,"column":0},"end":{"line":123,"column":25}},"123":{"start":{"line":124,"column":0},"end":{"line":124,"column":68}},"124":{"start":{"line":125,"column":0},"end":{"line":125,"column":34}},"125":{"start":{"line":126,"column":0},"end":{"line":126,"column":27}},"126":{"start":{"line":127,"column":0},"end":{"line":127,"column":5}},"127":{"start":{"line":128,"column":0},"end":{"line":128,"column":3}},"128":{"start":{"line":129,"column":0},"end":{"line":129,"column":41}},"129":{"start":{"line":130,"column":0},"end":{"line":130,"column":61}},"130":{"start":{"line":131,"column":0},"end":{"line":131,"column":20}},"131":{"start":{"line":132,"column":0},"end":{"line":132,"column":26}},"132":{"start":{"line":133,"column":0},"end":{"line":133,"column":38}},"133":{"start":{"line":134,"column":0},"end":{"line":134,"column":34}},"134":{"start":{"line":135,"column":0},"end":{"line":135,"column":38}},"135":{"start":{"line":136,"column":0},"end":{"line":136,"column":42}},"136":{"start":{"line":137,"column":0},"end":{"line":137,"column":30}},"137":{"start":{"line":138,"column":0},"end":{"line":138,"column":27}},"138":{"start":{"line":139,"column":0},"end":{"line":139,"column":5}},"139":{"start":{"line":140,"column":0},"end":{"line":140,"column":55}},"140":{"start":{"line":141,"column":0},"end":{"line":141,"column":3}},"141":{"start":{"line":142,"column":0},"end":{"line":142,"column":41}},"142":{"start":{"line":143,"column":0},"end":{"line":143,"column":28}},"143":{"start":{"line":144,"column":0},"end":{"line":144,"column":85}},"144":{"start":{"line":145,"column":0},"end":{"line":145,"column":41}},"145":{"start":{"line":146,"column":0},"end":{"line":146,"column":29}},"146":{"start":{"line":147,"column":0},"end":{"line":147,"column":34}},"147":{"start":{"line":148,"column":0},"end":{"line":148,"column":27}},"148":{"start":{"line":149,"column":0},"end":{"line":149,"column":14}},"149":{"start":{"line":150,"column":0},"end":{"line":150,"column":19}},"150":{"start":{"line":151,"column":0},"end":{"line":151,"column":23}},"151":{"start":{"line":152,"column":0},"end":{"line":152,"column":29}},"152":{"start":{"line":153,"column":0},"end":{"line":153,"column":41}},"153":{"start":{"line":154,"column":0},"end":{"line":154,"column":37}},"154":{"start":{"line":155,"column":0},"end":{"line":155,"column":66}},"155":{"start":{"line":156,"column":0},"end":{"line":156,"column":79}},"156":{"start":{"line":157,"column":0},"end":{"line":157,"column":58}},"157":{"start":{"line":158,"column":0},"end":{"line":158,"column":30}},"158":{"start":{"line":159,"column":0},"end":{"line":159,"column":6}},"159":{"start":{"line":160,"column":0},"end":{"line":160,"column":5}},"160":{"start":{"line":161,"column":0},"end":{"line":161,"column":5}},"161":{"start":{"line":162,"column":0},"end":{"line":162,"column":27}},"162":{"start":{"line":163,"column":0},"end":{"line":163,"column":15}},"163":{"start":{"line":164,"column":0},"end":{"line":164,"column":3}},"164":{"start":{"line":165,"column":0},"end":{"line":165,"column":41}},"165":{"start":{"line":166,"column":0},"end":{"line":166,"column":47}},"166":{"start":{"line":167,"column":0},"end":{"line":167,"column":54}},"167":{"start":{"line":168,"column":0},"end":{"line":168,"column":41}},"168":{"start":{"line":169,"column":0},"end":{"line":169,"column":34}},"169":{"start":{"line":170,"column":0},"end":{"line":170,"column":22}},"170":{"start":{"line":171,"column":0},"end":{"line":171,"column":5}},"171":{"start":{"line":172,"column":0},"end":{"line":172,"column":51}},"172":{"start":{"line":173,"column":0},"end":{"line":173,"column":3}},"173":{"start":{"line":174,"column":0},"end":{"line":174,"column":41}},"174":{"start":{"line":175,"column":0},"end":{"line":175,"column":47}},"175":{"start":{"line":176,"column":0},"end":{"line":176,"column":60}},"176":{"start":{"line":177,"column":0},"end":{"line":177,"column":41}},"177":{"start":{"line":178,"column":0},"end":{"line":178,"column":34}},"178":{"start":{"line":179,"column":0},"end":{"line":179,"column":23}},"179":{"start":{"line":180,"column":0},"end":{"line":180,"column":21}},"180":{"start":{"line":181,"column":0},"end":{"line":181,"column":27}},"181":{"start":{"line":182,"column":0},"end":{"line":182,"column":39}},"182":{"start":{"line":183,"column":0},"end":{"line":183,"column":35}},"183":{"start":{"line":184,"column":0},"end":{"line":184,"column":39}},"184":{"start":{"line":185,"column":0},"end":{"line":185,"column":43}},"185":{"start":{"line":186,"column":0},"end":{"line":186,"column":31}},"186":{"start":{"line":187,"column":0},"end":{"line":187,"column":28}},"187":{"start":{"line":188,"column":0},"end":{"line":188,"column":6}},"188":{"start":{"line":189,"column":0},"end":{"line":189,"column":5}},"189":{"start":{"line":190,"column":0},"end":{"line":190,"column":49}},"190":{"start":{"line":191,"column":0},"end":{"line":191,"column":3}},"191":{"start":{"line":192,"column":0},"end":{"line":192,"column":24}},"192":{"start":{"line":193,"column":0},"end":{"line":193,"column":27}},"193":{"start":{"line":194,"column":0},"end":{"line":194,"column":27}},"194":{"start":{"line":195,"column":0},"end":{"line":195,"column":3}},"195":{"start":{"line":196,"column":0},"end":{"line":196,"column":1}}},"s":{"0":1,"1":1,"2":1,"3":1,"4":1,"5":1,"6":1,"7":1,"8":1,"9":1,"10":1,"11":1,"12":1,"13":1,"14":1,"15":1,"16":1,"17":1,"18":1,"19":1,"20":1,"21":1,"22":1,"23":1,"24":1,"25":1,"26":1,"27":1,"28":1,"29":1,"30":1,"31":1,"32":1,"33":1,"34":1,"35":1,"36":1,"37":8,"38":8,"39":8,"40":8,"41":8,"42":8,"43":8,"44":8,"45":8,"46":8,"47":8,"48":8,"49":8,"50":8,"51":8,"52":8,"53":8,"54":8,"55":8,"56":8,"57":8,"58":8,"59":8,"60":8,"61":8,"62":8,"63":8,"64":8,"65":8,"66":8,"67":8,"68":8,"69":8,"70":0,"71":0,"72":0,"73":0,"74":8,"75":8,"76":8,"77":8,"78":8,"79":8,"80":8,"81":8,"82":8,"83":8,"84":8,"85":8,"86":8,"87":8,"88":8,"89":8,"90":8,"91":1,"92":1,"93":1,"94":0,"95":1,"96":1,"97":1,"98":0,"99":0,"100":0,"101":1,"102":1,"103":1,"104":1,"105":1,"106":1,"107":1,"108":1,"109":1,"110":1,"111":1,"112":1,"113":1,"114":1,"115":1,"116":1,"117":1,"118":8,"119":0,"120":0,"121":8,"122":8,"123":0,"124":0,"125":0,"126":0,"127":0,"128":8,"129":0,"130":0,"131":0,"132":0,"133":0,"134":0,"135":0,"136":0,"137":0,"138":0,"139":0,"140":0,"141":8,"142":1,"143":1,"144":1,"145":0,"146":0,"147":0,"148":0,"149":0,"150":0,"151":0,"152":0,"153":0,"154":0,"155":0,"156":0,"157":0,"158":0,"159":0,"160":0,"161":0,"162":0,"163":1,"164":8,"165":0,"166":0,"167":0,"168":0,"169":0,"170":0,"171":0,"172":0,"173":8,"174":0,"175":0,"176":0,"177":0,"178":0,"179":0,"180":0,"181":0,"182":0,"183":0,"184":0,"185":0,"186":0,"187":0,"188":0,"189":0,"190":0,"191":8,"192":1,"193":1,"194":1,"195":8},"branchMap":{"0":{"type":"branch","line":37,"loc":{"start":{"line":37,"column":7},"end":{"line":196,"column":1}},"locations":[{"start":{"line":37,"column":7},"end":{"line":196,"column":1}}]},"1":{"type":"branch","line":47,"loc":{"start":{"line":47,"column":1},"end":{"line":47,"column":45}},"locations":[{"start":{"line":47,"column":1},"end":{"line":47,"column":45}}]},"2":{"type":"branch","line":49,"loc":{"start":{"line":49,"column":9},"end":{"line":82,"column":2}},"locations":[{"start":{"line":49,"column":9},"end":{"line":82,"column":2}}]},"3":{"type":"branch","line":67,"loc":{"start":{"line":67,"column":32},"end":{"line":80,"column":3}},"locations":[{"start":{"line":67,"column":32},"end":{"line":80,"column":3}}]},"4":{"type":"branch","line":70,"loc":{"start":{"line":70,"column":14},"end":{"line":74,"column":33}},"locations":[{"start":{"line":70,"column":14},"end":{"line":74,"column":33}}]},"5":{"type":"branch","line":75,"loc":{"start":{"line":75,"column":16},"end":{"line":75,"column":28}},"locations":[{"start":{"line":75,"column":16},"end":{"line":75,"column":28}}]},"6":{"type":"branch","line":76,"loc":{"start":{"line":76,"column":31},"end":{"line":76,"column":50}},"locations":[{"start":{"line":76,"column":31},"end":{"line":76,"column":50}}]},"7":{"type":"branch","line":77,"loc":{"start":{"line":77,"column":11},"end":{"line":77,"column":32}},"locations":[{"start":{"line":77,"column":11},"end":{"line":77,"column":32}}]},"8":{"type":"branch","line":77,"loc":{"start":{"line":77,"column":17},"end":{"line":77,"column":34}},"locations":[{"start":{"line":77,"column":17},"end":{"line":77,"column":34}}]},"9":{"type":"branch","line":84,"loc":{"start":{"line":84,"column":8},"end":{"line":89,"column":2}},"locations":[{"start":{"line":84,"column":8},"end":{"line":89,"column":2}}]},"10":{"type":"branch","line":91,"loc":{"start":{"line":91,"column":25},"end":{"line":118,"column":3}},"locations":[{"start":{"line":91,"column":25},"end":{"line":118,"column":3}}]},"11":{"type":"branch","line":94,"loc":{"start":{"line":94,"column":75},"end":{"line":96,"column":43}},"locations":[{"start":{"line":94,"column":75},"end":{"line":96,"column":43}}]},"12":{"type":"branch","line":96,"loc":{"start":{"line":96,"column":28},"end":{"line":96,"column":46}},"locations":[{"start":{"line":96,"column":28},"end":{"line":96,"column":46}}]},"13":{"type":"branch","line":98,"loc":{"start":{"line":98,"column":21},"end":{"line":101,"column":40}},"locations":[{"start":{"line":98,"column":21},"end":{"line":101,"column":40}}]},"14":{"type":"branch","line":102,"loc":{"start":{"line":102,"column":23},"end":{"line":102,"column":35}},"locations":[{"start":{"line":102,"column":23},"end":{"line":102,"column":35}}]},"15":{"type":"branch","line":103,"loc":{"start":{"line":103,"column":38},"end":{"line":103,"column":57}},"locations":[{"start":{"line":103,"column":38},"end":{"line":103,"column":57}}]},"16":{"type":"branch","line":142,"loc":{"start":{"line":142,"column":14},"end":{"line":164,"column":3}},"locations":[{"start":{"line":142,"column":14},"end":{"line":164,"column":3}}]},"17":{"type":"branch","line":145,"loc":{"start":{"line":145,"column":39},"end":{"line":163,"column":15}},"locations":[{"start":{"line":145,"column":39},"end":{"line":163,"column":15}}]},"18":{"type":"branch","line":192,"loc":{"start":{"line":192,"column":11},"end":{"line":195,"column":3}},"locations":[{"start":{"line":192,"column":11},"end":{"line":195,"column":3}}]}},"b":{"0":[8],"1":[8],"2":[8],"3":[8],"4":[0],"5":[0],"6":[0],"7":[0],"8":[0],"9":[8],"10":[1],"11":[0],"12":[0],"13":[0],"14":[0],"15":[0],"16":[1],"17":[0],"18":[1]},"fnMap":{"0":{"name":"<instance_members_initializer>","decl":{"start":{"line":37,"column":7},"end":{"line":196,"column":1}},"loc":{"start":{"line":37,"column":7},"end":{"line":196,"column":1}},"line":37},"1":{"name":"<static_initializer>","decl":{"start":{"line":47,"column":1},"end":{"line":47,"column":45}},"loc":{"start":{"line":47,"column":1},"end":{"line":47,"column":45}},"line":47},"2":{"name":"FirebaseController","decl":{"start":{"line":49,"column":9},"end":{"line":82,"column":2}},"loc":{"start":{"line":49,"column":9},"end":{"line":82,"column":2}},"line":49},"3":{"name":"getInstance","decl":{"start":{"line":84,"column":8},"end":{"line":89,"column":2}},"loc":{"start":{"line":84,"column":8},"end":{"line":89,"column":2}},"line":84},"4":{"name":"signUpWithGoogle","decl":{"start":{"line":91,"column":25},"end":{"line":118,"column":3}},"loc":{"start":{"line":91,"column":25},"end":{"line":118,"column":3}},"line":91},"5":{"name":"getUser","decl":{"start":{"line":119,"column":11},"end":{"line":121,"column":3}},"loc":{"start":{"line":119,"column":11},"end":{"line":121,"column":3}},"line":119},"6":{"name":"getTodos","decl":{"start":{"line":123,"column":12},"end":{"line":128,"column":3}},"loc":{"start":{"line":123,"column":12},"end":{"line":128,"column":3}},"line":123},"7":{"name":"createTodo","decl":{"start":{"line":129,"column":14},"end":{"line":141,"column":3}},"loc":{"start":{"line":129,"column":14},"end":{"line":141,"column":3}},"line":129},"8":{"name":"getMyTodos","decl":{"start":{"line":142,"column":14},"end":{"line":164,"column":3}},"loc":{"start":{"line":142,"column":14},"end":{"line":164,"column":3}},"line":142},"9":{"name":"deleteTodo","decl":{"start":{"line":165,"column":14},"end":{"line":173,"column":3}},"loc":{"start":{"line":165,"column":14},"end":{"line":173,"column":3}},"line":165},"10":{"name":"updateTodo","decl":{"start":{"line":174,"column":14},"end":{"line":191,"column":3}},"loc":{"start":{"line":174,"column":14},"end":{"line":191,"column":3}},"line":174},"11":{"name":"signOut","decl":{"start":{"line":192,"column":11},"end":{"line":195,"column":3}},"loc":{"start":{"line":192,"column":11},"end":{"line":195,"column":3}},"line":192}},"f":{"0":8,"1":8,"2":8,"3":8,"4":1,"5":0,"6":0,"7":0,"8":1,"9":0,"10":0,"11":1}}
,"/Users/rishigupta/Desktop/Nuclei/Svelte/toDoApp/to-do-app/src/lib/components/ToDo/ToDo.svelte": {"path":"/Users/rishigupta/Desktop/Nuclei/Svelte/toDoApp/to-do-app/src/lib/components/ToDo/ToDo.svelte","all":false,"statementMap":{"0":{"start":{"line":1,"column":0},"end":{"line":1,"column":18}},"1":{"start":{"line":2,"column":0},"end":{"line":2,"column":51}},"2":{"start":{"line":3,"column":0},"end":{"line":3,"column":48}},"3":{"start":{"line":4,"column":0},"end":{"line":4,"column":42}},"4":{"start":{"line":5,"column":0},"end":{"line":5,"column":69}},"5":{"start":{"line":6,"column":0},"end":{"line":6,"column":53}},"6":{"start":{"line":7,"column":0},"end":{"line":7,"column":54}},"7":{"start":{"line":8,"column":0},"end":{"line":8,"column":56}},"8":{"start":{"line":9,"column":0},"end":{"line":9,"column":17}},"9":{"start":{"line":10,"column":0},"end":{"line":10,"column":0}},"10":{"start":{"line":11,"column":0},"end":{"line":11,"column":30}},"11":{"start":{"line":12,"column":0},"end":{"line":12,"column":16}},"12":{"start":{"line":13,"column":0},"end":{"line":13,"column":0}},"13":{"start":{"line":14,"column":0},"end":{"line":14,"column":40}},"14":{"start":{"line":15,"column":0},"end":{"line":15,"column":52}},"15":{"start":{"line":16,"column":0},"end":{"line":16,"column":42}},"16":{"start":{"line":17,"column":0},"end":{"line":17,"column":38}},"17":{"start":{"line":18,"column":0},"end":{"line":18,"column":32}},"18":{"start":{"line":19,"column":0},"end":{"line":19,"column":47}},"19":{"start":{"line":20,"column":0},"end":{"line":20,"column":0}},"20":{"start":{"line":21,"column":0},"end":{"line":21,"column":45}},"21":{"start":{"line":22,"column":0},"end":{"line":22,"column":58}},"22":{"start":{"line":23,"column":0},"end":{"line":23,"column":58}},"23":{"start":{"line":24,"column":0},"end":{"line":24,"column":4}},"24":{"start":{"line":25,"column":0},"end":{"line":25,"column":9}},"25":{"start":{"line":26,"column":0},"end":{"line":26,"column":0}},"26":{"start":{"line":27,"column":0},"end":{"line":27,"column":165}},"27":{"start":{"line":28,"column":0},"end":{"line":28,"column":28}},"28":{"start":{"line":29,"column":0},"end":{"line":29,"column":133}},"29":{"start":{"line":30,"column":0},"end":{"line":30,"column":56}},"30":{"start":{"line":31,"column":0},"end":{"line":31,"column":48}},"31":{"start":{"line":32,"column":0},"end":{"line":32,"column":51}},"32":{"start":{"line":33,"column":0},"end":{"line":33,"column":26}},"33":{"start":{"line":34,"column":0},"end":{"line":34,"column":43}},"34":{"start":{"line":35,"column":0},"end":{"line":35,"column":17}},"35":{"start":{"line":36,"column":0},"end":{"line":36,"column":25}},"36":{"start":{"line":37,"column":0},"end":{"line":37,"column":96}},"37":{"start":{"line":38,"column":0},"end":{"line":38,"column":17}},"38":{"start":{"line":39,"column":0},"end":{"line":39,"column":14}},"39":{"start":{"line":40,"column":0},"end":{"line":40,"column":10}},"40":{"start":{"line":41,"column":0},"end":{"line":41,"column":106}},"41":{"start":{"line":42,"column":0},"end":{"line":42,"column":175}},"42":{"start":{"line":43,"column":0},"end":{"line":43,"column":77}},"43":{"start":{"line":44,"column":0},"end":{"line":44,"column":17}},"44":{"start":{"line":45,"column":0},"end":{"line":45,"column":20}},"45":{"start":{"line":46,"column":0},"end":{"line":46,"column":4}},"46":{"start":{"line":47,"column":0},"end":{"line":47,"column":4}},"47":{"start":{"line":48,"column":0},"end":{"line":48,"column":7}}},"s":{"0":1,"1":1,"2":1,"3":1,"4":1,"5":1,"6":1,"7":1,"8":1,"9":1,"10":1,"11":1,"12":1,"13":1,"14":1,"15":1,"16":1,"17":1,"18":1,"19":1,"20":1,"21":1,"22":1,"23":1,"24":1,"25":1,"26":1,"27":1,"28":1,"29":1,"30":1,"31":1,"32":1,"33":1,"34":1,"35":1,"36":1,"37":1,"38":1,"39":1,"40":1,"41":1,"42":1,"43":1,"44":1,"45":1,"46":1,"47":1},"branchMap":{"0":{"type":"branch","line":42,"loc":{"start":{"line":42,"column":25},"end":{"line":42,"column":74}},"locations":[{"start":{"line":42,"column":25},"end":{"line":42,"column":74}}]},"1":{"type":"branch","line":33,"loc":{"start":{"line":33,"column":25},"end":{"line":33,"column":26}},"locations":[{"start":{"line":33,"column":25},"end":{"line":33,"column":26}}]},"2":{"type":"branch","line":36,"loc":{"start":{"line":36,"column":24},"end":{"line":36,"column":25}},"locations":[{"start":{"line":36,"column":24},"end":{"line":36,"column":25}}]},"3":{"type":"branch","line":29,"loc":{"start":{"line":29,"column":45},"end":{"line":29,"column":123}},"locations":[{"start":{"line":29,"column":45},"end":{"line":29,"column":123}}]},"4":{"type":"branch","line":36,"loc":{"start":{"line":36,"column":24},"end":{"line":36,"column":25}},"locations":[{"start":{"line":36,"column":24},"end":{"line":36,"column":25}}]},"5":{"type":"branch","line":30,"loc":{"start":{"line":30,"column":27},"end":{"line":30,"column":56}},"locations":[{"start":{"line":30,"column":27},"end":{"line":30,"column":56}}]},"6":{"type":"branch","line":22,"loc":{"start":{"line":22,"column":10},"end":{"line":22,"column":58}},"locations":[{"start":{"line":22,"column":10},"end":{"line":22,"column":58}}]},"7":{"type":"branch","line":23,"loc":{"start":{"line":23,"column":10},"end":{"line":23,"column":58}},"locations":[{"start":{"line":23,"column":10},"end":{"line":23,"column":58}}]},"8":{"type":"branch","line":42,"loc":{"start":{"line":42,"column":74},"end":{"line":42,"column":168}},"locations":[{"start":{"line":42,"column":74},"end":{"line":42,"column":168}}]},"9":{"type":"branch","line":19,"loc":{"start":{"line":19,"column":18},"end":{"line":19,"column":40}},"locations":[{"start":{"line":19,"column":18},"end":{"line":19,"column":40}}]},"10":{"type":"branch","line":19,"loc":{"start":{"line":19,"column":33},"end":{"line":19,"column":47}},"locations":[{"start":{"line":19,"column":33},"end":{"line":19,"column":47}}]}},"b":{"0":[0],"1":[11],"2":[10],"3":[0],"4":[0],"5":[0],"6":[1],"7":[1],"8":[1],"9":[10],"10":[11]},"fnMap":{"0":{"name":"remove","decl":{"start":{"line":22,"column":10},"end":{"line":22,"column":58}},"loc":{"start":{"line":22,"column":10},"end":{"line":22,"column":58}},"line":22},"1":{"name":"toggle","decl":{"start":{"line":23,"column":10},"end":{"line":23,"column":58}},"loc":{"start":{"line":23,"column":10},"end":{"line":23,"column":58}},"line":23},"2":{"name":"click_handler","decl":{"start":{"line":42,"column":74},"end":{"line":42,"column":168}},"loc":{"start":{"line":42,"column":74},"end":{"line":42,"column":168}},"line":42},"3":{"name":"cancel_handler","decl":{"start":{"line":41,"column":60},"end":{"line":41,"column":98}},"loc":{"start":{"line":41,"column":60},"end":{"line":41,"column":98}},"line":41}},"f":{"0":1,"1":1,"2":1,"3":0}}
,"/Users/rishigupta/Desktop/Nuclei/Svelte/toDoApp/to-do-app/src/lib/components/ToDo/ToDoInput.svelte": {"path":"/Users/rishigupta/Desktop/Nuclei/Svelte/toDoApp/to-do-app/src/lib/components/ToDo/ToDoInput.svelte","all":false,"statementMap":{"0":{"start":{"line":1,"column":0},"end":{"line":1,"column":0}},"1":{"start":{"line":2,"column":0},"end":{"line":2,"column":18}},"2":{"start":{"line":3,"column":0},"end":{"line":3,"column":44}},"3":{"start":{"line":4,"column":0},"end":{"line":4,"column":50}},"4":{"start":{"line":5,"column":0},"end":{"line":5,"column":71}},"5":{"start":{"line":6,"column":0},"end":{"line":6,"column":65}},"6":{"start":{"line":7,"column":0},"end":{"line":7,"column":56}},"7":{"start":{"line":8,"column":0},"end":{"line":8,"column":62}},"8":{"start":{"line":9,"column":0},"end":{"line":9,"column":54}},"9":{"start":{"line":10,"column":0},"end":{"line":10,"column":62}},"10":{"start":{"line":11,"column":0},"end":{"line":11,"column":42}},"11":{"start":{"line":12,"column":0},"end":{"line":12,"column":17}},"12":{"start":{"line":13,"column":0},"end":{"line":13,"column":0}},"13":{"start":{"line":14,"column":0},"end":{"line":14,"column":25}},"14":{"start":{"line":15,"column":0},"end":{"line":15,"column":16}},"15":{"start":{"line":16,"column":0},"end":{"line":16,"column":0}},"16":{"start":{"line":17,"column":0},"end":{"line":17,"column":27}},"17":{"start":{"line":18,"column":0},"end":{"line":18,"column":33}},"18":{"start":{"line":19,"column":0},"end":{"line":19,"column":27}},"19":{"start":{"line":20,"column":0},"end":{"line":20,"column":22}},"20":{"start":{"line":21,"column":0},"end":{"line":21,"column":31}},"21":{"start":{"line":22,"column":0},"end":{"line":22,"column":0}},"22":{"start":{"line":23,"column":0},"end":{"line":23,"column":34}},"23":{"start":{"line":24,"column":0},"end":{"line":24,"column":18}},"24":{"start":{"line":25,"column":0},"end":{"line":25,"column":69}},"25":{"start":{"line":26,"column":0},"end":{"line":26,"column":9}},"26":{"start":{"line":27,"column":0},"end":{"line":27,"column":55}},"27":{"start":{"line":28,"column":0},"end":{"line":28,"column":86}},"28":{"start":{"line":29,"column":0},"end":{"line":29,"column":9}},"29":{"start":{"line":30,"column":0},"end":{"line":30,"column":112}},"30":{"start":{"line":31,"column":0},"end":{"line":31,"column":42}},"31":{"start":{"line":32,"column":0},"end":{"line":32,"column":42}},"32":{"start":{"line":33,"column":0},"end":{"line":33,"column":28}},"33":{"start":{"line":34,"column":0},"end":{"line":34,"column":62}},"34":{"start":{"line":35,"column":0},"end":{"line":35,"column":23}},"35":{"start":{"line":36,"column":0},"end":{"line":36,"column":29}},"36":{"start":{"line":37,"column":0},"end":{"line":37,"column":23}},"37":{"start":{"line":38,"column":0},"end":{"line":38,"column":6}},"38":{"start":{"line":39,"column":0},"end":{"line":39,"column":9}},"39":{"start":{"line":40,"column":0},"end":{"line":40,"column":0}},"40":{"start":{"line":41,"column":0},"end":{"line":41,"column":137}},"41":{"start":{"line":42,"column":0},"end":{"line":42,"column":64}},"42":{"start":{"line":43,"column":0},"end":{"line":43,"column":164}},"43":{"start":{"line":44,"column":0},"end":{"line":44,"column":76}},"44":{"start":{"line":45,"column":0},"end":{"line":45,"column":173}},"45":{"start":{"line":46,"column":0},"end":{"line":46,"column":59}},"46":{"start":{"line":47,"column":0},"end":{"line":47,"column":142}},"47":{"start":{"line":48,"column":0},"end":{"line":48,"column":129}},"48":{"start":{"line":49,"column":0},"end":{"line":49,"column":7}}},"s":{"0":1,"1":1,"2":1,"3":1,"4":1,"5":1,"6":1,"7":1,"8":1,"9":1,"10":1,"11":1,"12":1,"13":1,"14":1,"15":1,"16":1,"17":1,"18":1,"19":1,"20":1,"21":1,"22":1,"23":1,"24":1,"25":1,"26":1,"27":1,"28":1,"29":1,"30":1,"31":1,"32":1,"33":1,"34":1,"35":1,"36":1,"37":1,"38":1,"39":1,"40":1,"41":1,"42":1,"43":1,"44":1,"45":1,"46":1,"47":1,"48":1},"branchMap":{"0":{"type":"branch","line":43,"loc":{"start":{"line":43,"column":61},"end":{"line":43,"column":79}},"locations":[{"start":{"line":43,"column":61},"end":{"line":43,"column":79}}]}},"b":{"0":[1]},"fnMap":{},"f":{}}
,"/Users/rishigupta/Desktop/Nuclei/Svelte/toDoApp/to-do-app/src/lib/components/ToDo/ToDoList.svelte": {"path":"/Users/rishigupta/Desktop/Nuclei/Svelte/toDoApp/to-do-app/src/lib/components/ToDo/ToDoList.svelte","all":false,"statementMap":{"0":{"start":{"line":1,"column":0},"end":{"line":1,"column":18}},"1":{"start":{"line":2,"column":0},"end":{"line":2,"column":44}},"2":{"start":{"line":3,"column":0},"end":{"line":3,"column":50}},"3":{"start":{"line":4,"column":0},"end":{"line":4,"column":47}},"4":{"start":{"line":5,"column":0},"end":{"line":5,"column":56}},"5":{"start":{"line":6,"column":0},"end":{"line":6,"column":63}},"6":{"start":{"line":7,"column":0},"end":{"line":7,"column":62}},"7":{"start":{"line":8,"column":0},"end":{"line":8,"column":34}},"8":{"start":{"line":9,"column":0},"end":{"line":9,"column":17}},"9":{"start":{"line":10,"column":0},"end":{"line":10,"column":0}},"10":{"start":{"line":11,"column":0},"end":{"line":11,"column":38}},"11":{"start":{"line":12,"column":0},"end":{"line":12,"column":16}},"12":{"start":{"line":13,"column":0},"end":{"line":13,"column":0}},"13":{"start":{"line":14,"column":0},"end":{"line":14,"column":35}},"14":{"start":{"line":15,"column":0},"end":{"line":15,"column":0}},"15":{"start":{"line":16,"column":0},"end":{"line":16,"column":0}},"16":{"start":{"line":17,"column":0},"end":{"line":17,"column":47}},"17":{"start":{"line":18,"column":0},"end":{"line":18,"column":45}},"18":{"start":{"line":19,"column":0},"end":{"line":19,"column":30}},"19":{"start":{"line":20,"column":0},"end":{"line":20,"column":33}},"20":{"start":{"line":21,"column":0},"end":{"line":21,"column":33}},"21":{"start":{"line":22,"column":0},"end":{"line":22,"column":46}},"22":{"start":{"line":23,"column":0},"end":{"line":23,"column":60}},"23":{"start":{"line":24,"column":0},"end":{"line":24,"column":5}},"24":{"start":{"line":25,"column":0},"end":{"line":25,"column":47}},"25":{"start":{"line":26,"column":0},"end":{"line":26,"column":30}},"26":{"start":{"line":27,"column":0},"end":{"line":27,"column":66}},"27":{"start":{"line":28,"column":0},"end":{"line":28,"column":26}},"28":{"start":{"line":29,"column":0},"end":{"line":29,"column":35}},"29":{"start":{"line":30,"column":0},"end":{"line":30,"column":33}},"30":{"start":{"line":31,"column":0},"end":{"line":31,"column":5}},"31":{"start":{"line":32,"column":0},"end":{"line":32,"column":9}},"32":{"start":{"line":33,"column":0},"end":{"line":33,"column":0}},"33":{"start":{"line":34,"column":0},"end":{"line":34,"column":130}},"34":{"start":{"line":35,"column":0},"end":{"line":35,"column":34}},"35":{"start":{"line":36,"column":0},"end":{"line":36,"column":107}},"36":{"start":{"line":37,"column":0},"end":{"line":37,"column":11}},"37":{"start":{"line":38,"column":0},"end":{"line":38,"column":6}}},"s":{"0":1,"1":1,"2":1,"3":1,"4":1,"5":1,"6":1,"7":1,"8":1,"9":1,"10":1,"11":1,"12":1,"13":1,"14":1,"15":1,"16":1,"17":1,"18":1,"19":1,"20":1,"21":1,"22":1,"23":1,"24":1,"25":1,"26":1,"27":1,"28":1,"29":1,"30":1,"31":1,"32":1,"33":1,"34":1,"35":1,"36":1,"37":1},"branchMap":{"0":{"type":"branch","line":35,"loc":{"start":{"line":35,"column":28},"end":{"line":35,"column":34}},"locations":[{"start":{"line":35,"column":28},"end":{"line":35,"column":34}}]},"1":{"type":"branch","line":28,"loc":{"start":{"line":28,"column":12},"end":{"line":28,"column":26}},"locations":[{"start":{"line":28,"column":12},"end":{"line":28,"column":26}}]},"2":{"type":"branch","line":27,"loc":{"start":{"line":27,"column":40},"end":{"line":27,"column":64}},"locations":[{"start":{"line":27,"column":40},"end":{"line":27,"column":64}}]}},"b":{"0":[36],"1":[0],"2":[2]},"fnMap":{"0":{"name":"get_key","decl":{"start":{"line":35,"column":28},"end":{"line":35,"column":34}},"loc":{"start":{"line":35,"column":28},"end":{"line":35,"column":34}},"line":35}},"f":{"0":36}}
,"/Users/rishigupta/Desktop/Nuclei/Svelte/toDoApp/to-do-app/src/lib/components/icons/DeleteIcon.svelte": {"path":"/Users/rishigupta/Desktop/Nuclei/Svelte/toDoApp/to-do-app/src/lib/components/icons/DeleteIcon.svelte","all":false,"statementMap":{"0":{"start":{"line":1,"column":0},"end":{"line":1,"column":18}},"1":{"start":{"line":2,"column":0},"end":{"line":2,"column":28}},"2":{"start":{"line":3,"column":0},"end":{"line":3,"column":24}},"3":{"start":{"line":4,"column":0},"end":{"line":4,"column":9}},"4":{"start":{"line":5,"column":0},"end":{"line":5,"column":0}},"5":{"start":{"line":6,"column":0},"end":{"line":6,"column":136}},"6":{"start":{"line":7,"column":0},"end":{"line":7,"column":33}},"7":{"start":{"line":8,"column":0},"end":{"line":8,"column":22}},"8":{"start":{"line":9,"column":0},"end":{"line":9,"column":22}},"9":{"start":{"line":10,"column":0},"end":{"line":10,"column":6}},"10":{"start":{"line":11,"column":0},"end":{"line":11,"column":3}},"11":{"start":{"line":12,"column":0},"end":{"line":12,"column":4}},"12":{"start":{"line":13,"column":0},"end":{"line":13,"column":114}},"13":{"start":{"line":14,"column":0},"end":{"line":14,"column":123}},"14":{"start":{"line":15,"column":0},"end":{"line":15,"column":100}},"15":{"start":{"line":16,"column":0},"end":{"line":16,"column":109}},"16":{"start":{"line":17,"column":0},"end":{"line":17,"column":107}},"17":{"start":{"line":18,"column":0},"end":{"line":18,"column":124}},"18":{"start":{"line":19,"column":0},"end":{"line":19,"column":126}},"19":{"start":{"line":20,"column":0},"end":{"line":20,"column":15}},"20":{"start":{"line":21,"column":0},"end":{"line":21,"column":103}},"21":{"start":{"line":22,"column":0},"end":{"line":22,"column":98}},"22":{"start":{"line":23,"column":0},"end":{"line":23,"column":100}},"23":{"start":{"line":24,"column":0},"end":{"line":24,"column":98}},"24":{"start":{"line":25,"column":0},"end":{"line":25,"column":103}},"25":{"start":{"line":26,"column":0},"end":{"line":26,"column":96}},"26":{"start":{"line":27,"column":0},"end":{"line":27,"column":5}},"27":{"start":{"line":28,"column":0},"end":{"line":28,"column":4}},"28":{"start":{"line":29,"column":0},"end":{"line":29,"column":6}}},"s":{"0":1,"1":1,"2":1,"3":1,"4":1,"5":1,"6":1,"7":1,"8":1,"9":1,"10":1,"11":1,"12":1,"13":1,"14":1,"15":1,"16":1,"17":1,"18":1,"19":1,"20":1,"21":1,"22":1,"23":1,"24":1,"25":1,"26":1,"27":1,"28":1},"branchMap":{},"b":{},"fnMap":{},"f":{}}
[...]
8,"column":29}},"28":{"start":{"line":29,"column":0},"end":{"line":29,"column":70}},"29":{"start":{"line":30,"column":0},"end":{"line":30,"column":9}},"30":{"start":{"line":31,"column":0},"end":{"line":31,"column":5}},"31":{"start":{"line":32,"column":0},"end":{"line":32,"column":4}},"32":{"start":{"line":33,"column":0},"end":{"line":33,"column":9}},"33":{"start":{"line":34,"column":0},"end":{"line":34,"column":0}},"34":{"start":{"line":35,"column":0},"end":{"line":35,"column":78}},"35":{"start":{"line":36,"column":0},"end":{"line":36,"column":78}},"36":{"start":{"line":37,"column":0},"end":{"line":37,"column":54}},"37":{"start":{"line":38,"column":0},"end":{"line":38,"column":10}},"38":{"start":{"line":39,"column":0},"end":{"line":39,"column":17}},"39":{"start":{"line":40,"column":0},"end":{"line":40,"column":25}},"40":{"start":{"line":41,"column":0},"end":{"line":41,"column":61}},"41":{"start":{"line":42,"column":0},"end":{"line":42,"column":71}},"42":{"start":{"line":43,"column":0},"end":{"line":43,"column":69}},"43":{"start":{"line":44,"column":0},"end":{"line":44,"column":10}},"44":{"start":{"line":45,"column":0},"end":{"line":45,"column":10}},"45":{"start":{"line":46,"column":0},"end":{"line":46,"column":7}}},"s":{"0":1,"1":1,"2":1,"3":1,"4":1,"5":1,"6":1,"7":1,"8":1,"9":1,"10":1,"11":1,"12":1,"13":1,"14":1,"15":1,"16":1,"17":1,"18":1,"19":1,"20":1,"21":1,"22":1,"23":1,"24":1,"25":1,"26":1,"27":1,"28":1,"29":1,"30":1,"31":1,"32":1,"33":1,"34":1,"35":1,"36":1,"37":1,"38":1,"39":1,"40":1,"41":1,"42":1,"43":1,"44":1,"45":1},"branchMap":{"0":{"type":"branch","line":37,"loc":{"start":{"line":37,"column":18},"end":{"line":37,"column":54}},"locations":[{"start":{"line":37,"column":18},"end":{"line":37,"column":54}}]},"1":{"type":"branch","line":37,"loc":{"start":{"line":37,"column":51},"end":{"line":37,"column":54}},"locations":[{"start":{"line":37,"column":51},"end":{"line":37,"column":54}}]},"2":{"type":"branch","line":13,"loc":{"start":{"line":13,"column":45},"end":{"line":13,"column":73}},"locations":[{"start":{"line":13,"column":45},"end":{"line":13,"column":73}}]},"3":{"type":"branch","line":14,"loc":{"start":{"line":14,"column":46},"end":{"line":14,"column":75}},"locations":[{"start":{"line":14,"column":46},"end":{"line":14,"column":75}}]}},"b":{"0":[0],"1":[0],"2":[14],"3":[14]},"fnMap":{},"f":{}}
,"/Users/rishigupta/Desktop/Nuclei/Svelte/toDoApp/to-do-app/src/routes/login/+page.svelte": {"path":"/Users/rishigupta/Desktop/Nuclei/Svelte/toDoApp/to-do-app/src/routes/login/+page.svelte","all":false,"statementMap":{"0":{"start":{"line":1,"column":0},"end":{"line":1,"column":18}},"1":{"start":{"line":2,"column":0},"end":{"line":2,"column":40}},"2":{"start":{"line":3,"column":0},"end":{"line":3,"column":55}},"3":{"start":{"line":4,"column":0},"end":{"line":4,"column":51}},"4":{"start":{"line":5,"column":0},"end":{"line":5,"column":59}},"5":{"start":{"line":6,"column":0},"end":{"line":6,"column":47}},"6":{"start":{"line":7,"column":0},"end":{"line":7,"column":15}},"7":{"start":{"line":8,"column":0},"end":{"line":8,"column":0}},"8":{"start":{"line":9,"column":0},"end":{"line":9,"column":31}},"9":{"start":{"line":10,"column":0},"end":{"line":10,"column":23}},"10":{"start":{"line":11,"column":0},"end":{"line":11,"column":51}},"11":{"start":{"line":12,"column":0},"end":{"line":12,"column":18}},"12":{"start":{"line":13,"column":0},"end":{"line":13,"column":5}},"13":{"start":{"line":14,"column":0},"end":{"line":14,"column":9}},"14":{"start":{"line":15,"column":0},"end":{"line":15,"column":0}},"15":{"start":{"line":16,"column":0},"end":{"line":16,"column":0}},"16":{"start":{"line":17,"column":0},"end":{"line":17,"column":72}},"17":{"start":{"line":18,"column":0},"end":{"line":18,"column":30}},"18":{"start":{"line":19,"column":0},"end":{"line":19,"column":40}},"19":{"start":{"line":20,"column":0},"end":{"line":20,"column":9}},"20":{"start":{"line":21,"column":0},"end":{"line":21,"column":100}},"21":{"start":{"line":22,"column":0},"end":{"line":22,"column":6}}},"s":{"0":1,"1":1,"2":1,"3":1,"4":1,"5":1,"6":1,"7":1,"8":1,"9":1,"10":1,"11":1,"12":1,"13":1,"14":1,"15":1,"16":1,"17":1,"18":1,"19":1,"20":1,"21":1},"branchMap":{},"b":{},"fnMap":{},"f":{}}
,"/Users/rishigupta/Desktop/Nuclei/Svelte/toDoApp/to-do-app/src/store/alertStore.ts": {"path":"/Users/rishigupta/Desktop/Nuclei/Svelte/toDoApp/to-do-app/src/store/alertStore.ts","all":false,"statementMap":{"0":{"start":{"line":1,"column":0},"end":{"line":1,"column":48}},"1":{"start":{"line":2,"column":0},"end":{"line":2,"column":55}},"2":{"start":{"line":3,"column":0},"end":{"line":3,"column":0}},"3":{"start":{"line":4,"column":0},"end":{"line":4,"column":29}},"4":{"start":{"line":5,"column":0},"end":{"line":5,"column":68}},"5":{"start":{"line":6,"column":0},"end":{"line":6,"column":29}},"6":{"start":{"line":7,"column":0},"end":{"line":7,"column":41}},"7":{"start":{"line":8,"column":0},"end":{"line":8,"column":20}},"8":{"start":{"line":9,"column":0},"end":{"line":9,"column":17}},"9":{"start":{"line":10,"column":0},"end":{"line":10,"column":11}},"10":{"start":{"line":11,"column":0},"end":{"line":11,"column":2}},"11":{"start":{"line":12,"column":0},"end":{"line":12,"column":32}},"12":{"start":{"line":13,"column":0},"end":{"line":13,"column":72}},"13":{"start":{"line":14,"column":0},"end":{"line":14,"column":2}},"14":{"start":{"line":15,"column":0},"end":{"line":15,"column":9}},"15":{"start":{"line":16,"column":0},"end":{"line":16,"column":12}},"16":{"start":{"line":17,"column":0},"end":{"line":17,"column":6}},"17":{"start":{"line":18,"column":0},"end":{"line":18,"column":9}},"18":{"start":{"line":19,"column":0},"end":{"line":19,"column":6}},"19":{"start":{"line":20,"column":0},"end":{"line":20,"column":8}},"20":{"start":{"line":21,"column":0},"end":{"line":21,"column":3}},"21":{"start":{"line":22,"column":0},"end":{"line":22,"column":1}},"22":{"start":{"line":23,"column":0},"end":{"line":23,"column":45}}},"s":{"0":1,"1":1,"2":1,"3":14,"4":14,"5":14,"6":10,"7":10,"8":0,"9":10,"10":10,"11":14,"12":0,"13":0,"14":14,"15":14,"16":14,"17":14,"18":14,"19":14,"20":14,"21":14,"22":1},"branchMap":{"0":{"type":"branch","line":4,"loc":{"start":{"line":4,"column":0},"end":{"line":22,"column":1}},"locations":[{"start":{"line":4,"column":0},"end":{"line":22,"column":1}}]},"1":{"type":"branch","line":6,"loc":{"start":{"line":6,"column":1},"end":{"line":11,"column":2}},"locations":[{"start":{"line":6,"column":1},"end":{"line":11,"column":2}}]},"2":{"type":"branch","line":7,"loc":{"start":{"line":7,"column":9},"end":{"line":7,"column":39}},"locations":[{"start":{"line":7,"column":9},"end":{"line":7,"column":39}}]}},"b":{"0":[14],"1":[10],"2":[10]},"fnMap":{"0":{"name":"createAlertStore","decl":{"start":{"line":4,"column":0},"end":{"line":22,"column":1}},"loc":{"start":{"line":4,"column":0},"end":{"line":22,"column":1}},"line":4},"1":{"name":"add","decl":{"start":{"line":6,"column":1},"end":{"line":11,"column":2}},"loc":{"start":{"line":6,"column":1},"end":{"line":11,"column":2}},"line":6},"2":{"name":"remove","decl":{"start":{"line":12,"column":1},"end":{"line":14,"column":2}},"loc":{"start":{"line":12,"column":1},"end":{"line":14,"column":2}},"line":12}},"f":{"0":14,"1":10,"2":0}}
,"/Users/rishigupta/Desktop/Nuclei/Svelte/toDoApp/to-do-app/src/store/firebaseStore.ts": {"path":"/Users/rishigupta/Desktop/Nuclei/Svelte/toDoApp/to-do-app/src/store/firebaseStore.ts","all":false,"statementMap":{"0":{"start":{"line":1,"column":0},"end":{"line":1,"column":69}},"1":{"start":{"line":2,"column":0},"end":{"line":2,"column":55}},"2":{"start":{"line":3,"column":0},"end":{"line":3,"column":46}},"3":{"start":{"line":4,"column":0},"end":{"line":4,"column":40}},"4":{"start":{"line":5,"column":0},"end":{"line":5,"column":0}},"5":{"start":{"line":6,"column":0},"end":{"line":6,"column":32}},"6":{"start":{"line":7,"column":0},"end":{"line":7,"column":45}},"7":{"start":{"line":8,"column":0},"end":{"line":8,"column":57}},"8":{"start":{"line":9,"column":0},"end":{"line":9,"column":3}},"9":{"start":{"line":10,"column":0},"end":{"line":10,"column":0}},"10":{"start":{"line":11,"column":0},"end":{"line":11,"column":9}},"11":{"start":{"line":12,"column":0},"end":{"line":12,"column":12}},"12":{"start":{"line":13,"column":0},"end":{"line":13,"column":6}},"13":{"start":{"line":14,"column":0},"end":{"line":14,"column":8}},"14":{"start":{"line":15,"column":0},"end":{"line":15,"column":3}},"15":{"start":{"line":16,"column":0},"end":{"line":16,"column":1}},"16":{"start":{"line":17,"column":0},"end":{"line":17,"column":0}},"17":{"start":{"line":18,"column":0},"end":{"line":18,"column":51}}},"s":{"0":1,"1":1,"2":1,"3":1,"4":1,"5":8,"6":8,"7":8,"8":8,"9":8,"10":8,"11":8,"12":8,"13":8,"14":8,"15":8,"16":1,"17":1},"branchMap":{"0":{"type":"branch","line":6,"loc":{"start":{"line":6,"column":0},"end":{"line":16,"column":1}},"locations":[{"start":{"line":6,"column":0},"end":{"line":16,"column":1}}]}},"b":{"0":[8]},"fnMap":{"0":{"name":"createFirebaseStore","decl":{"start":{"line":6,"column":0},"end":{"line":16,"column":1}},"loc":{"start":{"line":6,"column":0},"end":{"line":16,"column":1}},"line":6}},"f":{"0":8}}
,"/Users/rishigupta/Desktop/Nuclei/Svelte/toDoApp/to-do-app/src/store/loadingStore.ts": {"path":"/Users/rishigupta/Desktop/Nuclei/Svelte/toDoApp/to-do-app/src/store/loadingStore.ts","all":false,"statementMap":{"0":{"start":{"line":1,"column":0},"end":{"line":1,"column":46}},"1":{"start":{"line":2,"column":0},"end":{"line":2,"column":55}},"2":{"start":{"line":3,"column":0},"end":{"line":3,"column":0}},"3":{"start":{"line":4,"column":0},"end":{"line":4,"column":31}},"4":{"start":{"line":5,"column":0},"end":{"line":5,"column":71}},"5":{"start":{"line":6,"column":0},"end":{"line":6,"column":19}},"6":{"start":{"line":7,"column":0},"end":{"line":7,"column":12}},"7":{"start":{"line":8,"column":0},"end":{"line":8,"column":2}},"8":{"start":{"line":9,"column":0},"end":{"line":9,"column":18}},"9":{"start":{"line":10,"column":0},"end":{"line":10,"column":13}},"10":{"start":{"line":11,"column":0},"end":{"line":11,"column":2}},"11":{"start":{"line":12,"column":0},"end":{"line":12,"column":9}},"12":{"start":{"line":13,"column":0},"end":{"line":13,"column":12}},"13":{"start":{"line":14,"column":0},"end":{"line":14,"column":6}},"14":{"start":{"line":15,"column":0},"end":{"line":15,"column":9}},"15":{"start":{"line":16,"column":0},"end":{"line":16,"column":8}},"16":{"start":{"line":17,"column":0},"end":{"line":17,"column":6}},"17":{"start":{"line":18,"column":0},"end":{"line":18,"column":3}},"18":{"start":{"line":19,"column":0},"end":{"line":19,"column":1}},"19":{"start":{"line":20,"column":0},"end":{"line":20,"column":0}},"20":{"start":{"line":21,"column":0},"end":{"line":21,"column":49}},"21":{"start":{"line":22,"column":0},"end":{"line":22,"column":0}},"22":{"start":{"line":23,"column":0},"end":{"line":23,"column":65}},"23":{"start":{"line":24,"column":0},"end":{"line":24,"column":19}},"24":{"start":{"line":25,"column":0},"end":{"line":25,"column":18}},"25":{"start":{"line":26,"column":0},"end":{"line":26,"column":1}}},"s":{"0":1,"1":1,"2":1,"3":9,"4":9,"5":9,"6":9,"7":9,"8":9,"9":8,"10":8,"11":9,"12":9,"13":9,"14":9,"15":9,"16":9,"17":9,"18":9,"19":1,"20":1,"21":1,"22":1,"23":1,"24":1,"25":1},"branchMap":{"0":{"type":"branch","line":4,"loc":{"start":{"line":4,"column":0},"end":{"line":19,"column":1}},"locations":[{"start":{"line":4,"column":0},"end":{"line":19,"column":1}}]},"1":{"type":"branch","line":6,"loc":{"start":{"line":6,"column":1},"end":{"line":8,"column":2}},"locations":[{"start":{"line":6,"column":1},"end":{"line":8,"column":2}}]},"2":{"type":"branch","line":9,"loc":{"start":{"line":9,"column":1},"end":{"line":11,"column":2}},"locations":[{"start":{"line":9,"column":1},"end":{"line":11,"column":2}}]}},"b":{"0":[9],"1":[9],"2":[8]},"fnMap":{"0":{"name":"createLoadingStore","decl":{"start":{"line":4,"column":0},"end":{"line":19,"column":1}},"loc":{"start":{"line":4,"column":0},"end":{"line":19,"column":1}},"line":4},"1":{"name":"start","decl":{"start":{"line":6,"column":1},"end":{"line":8,"column":2}},"loc":{"start":{"line":6,"column":1},"end":{"line":8,"column":2}},"line":6},"2":{"name":"stop","decl":{"start":{"line":9,"column":1},"end":{"line":11,"column":2}},"loc":{"start":{"line":9,"column":1},"end":{"line":11,"column":2}},"line":9}},"f":{"0":9,"1":9,"2":8}}
,"/Users/rishigupta/Desktop/Nuclei/Svelte/toDoApp/to-do-app/src/store/userStore.ts": {"path":"/Users/rishigupta/Desktop/Nuclei/Svelte/toDoApp/to-do-app/src/store/userStore.ts","all":false,"statementMap":{"0":{"start":{"line":1,"column":0},"end":{"line":1,"column":46}},"1":{"start":{"line":2,"column":0},"end":{"line":2,"column":55}},"2":{"start":{"line":3,"column":0},"end":{"line":3,"column":0}},"3":{"start":{"line":4,"column":0},"end":{"line":4,"column":28}},"4":{"start":{"line":5,"column":0},"end":{"line":5,"column":74}},"5":{"start":{"line":6,"column":0},"end":{"line":6,"column":9}},"6":{"start":{"line":7,"column":0},"end":{"line":7,"column":12}},"7":{"start":{"line":8,"column":0},"end":{"line":8,"column":6}},"8":{"start":{"line":9,"column":0},"end":{"line":9,"column":8}},"9":{"start":{"line":10,"column":0},"end":{"line":10,"column":3}},"10":{"start":{"line":11,"column":0},"end":{"line":11,"column":1}},"11":{"start":{"line":12,"column":0},"end":{"line":12,"column":0}},"12":{"start":{"line":13,"column":0},"end":{"line":13,"column":66}}},"s":{"0":1,"1":1,"2":1,"3":8,"4":8,"5":8,"6":8,"7":8,"8":8,"9":8,"10":8,"11":1,"12":1},"branchMap":{"0":{"type":"branch","line":4,"loc":{"start":{"line":4,"column":0},"end":{"line":11,"column":1}},"locations":[{"start":{"line":4,"column":0},"end":{"line":11,"column":1}}]}},"b":{"0":[8]},"fnMap":{"0":{"name":"createUserStore","decl":{"start":{"line":4,"column":0},"end":{"line":11,"column":1}},"loc":{"start":{"line":4,"column":0},"end":{"line":11,"column":1}},"line":4}},"f":{"0":8}}
,"/Users/rishigupta/Desktop/Nuclei/Svelte/toDoApp/to-do-app/src/store/userToDoStore.ts": {"path":"/Users/rishigupta/Desktop/Nuclei/Svelte/toDoApp/to-do-app/src/store/userToDoStore.ts","all":false,"statementMap":{"0":{"start":{"line":1,"column":0},"end":{"line":1,"column":54}},"1":{"start":{"line":2,"column":0},"end":{"line":2,"column":55}},"2":{"start":{"line":3,"column":0},"end":{"line":3,"column":0}},"3":{"start":{"line":4,"column":0},"end":{"line":4,"column":33}},"4":{"start":{"line":5,"column":0},"end":{"line":5,"column":71}},"5":{"start":{"line":6,"column":0},"end":{"line":6,"column":43}},"6":{"start":{"line":7,"column":0},"end":{"line":7,"column":50}},"7":{"start":{"line":8,"column":0},"end":{"line":8,"column":3}},"8":{"start":{"line":9,"column":0},"end":{"line":9,"column":39}},"9":{"start":{"line":10,"column":0},"end":{"line":10,"column":87}},"10":{"start":{"line":11,"column":0},"end":{"line":11,"column":3}},"11":{"start":{"line":12,"column":0},"end":{"line":12,"column":39}},"12":{"start":{"line":13,"column":0},"end":{"line":13,"column":31}},"13":{"start":{"line":14,"column":0},"end":{"line":14,"column":34}},"14":{"start":{"line":15,"column":0},"end":{"line":15,"column":30}},"15":{"start":{"line":16,"column":0},"end":{"line":16,"column":45}},"16":{"start":{"line":17,"column":0},"end":{"line":17,"column":5}},"17":{"start":{"line":18,"column":0},"end":{"line":18,"column":16}},"18":{"start":{"line":19,"column":0},"end":{"line":19,"column":5}},"19":{"start":{"line":20,"column":0},"end":{"line":20,"column":4}},"20":{"start":{"line":21,"column":0},"end":{"line":21,"column":3}},"21":{"start":{"line":22,"column":0},"end":{"line":22,"column":47}},"22":{"start":{"line":23,"column":0},"end":{"line":23,"column":33}},"23":{"start":{"line":24,"column":0},"end":{"line":24,"column":78}},"24":{"start":{"line":25,"column":0},"end":{"line":25,"column":22}},"25":{"start":{"line":26,"column":0},"end":{"line":26,"column":24}},"26":{"start":{"line":27,"column":0},"end":{"line":27,"column":4}},"27":{"start":{"line":28,"column":0},"end":{"line":28,"column":16}},"28":{"start":{"line":29,"column":0},"end":{"line":29,"column":5}},"29":{"start":{"line":30,"column":0},"end":{"line":30,"column":3}},"30":{"start":{"line":31,"column":0},"end":{"line":31,"column":9}},"31":{"start":{"line":32,"column":0},"end":{"line":32,"column":12}},"32":{"start":{"line":33,"column":0},"end":{"line":33,"column":6}},"33":{"start":{"line":34,"column":0},"end":{"line":34,"column":9}},"34":{"start":{"line":35,"column":0},"end":{"line":35,"column":9}},"35":{"start":{"line":36,"column":0},"end":{"line":36,"column":9}},"36":{"start":{"line":37,"column":0},"end":{"line":37,"column":9}},"37":{"start":{"line":38,"column":0},"end":{"line":38,"column":12}},"38":{"start":{"line":39,"column":0},"end":{"line":39,"column":3}},"39":{"start":{"line":40,"column":0},"end":{"line":40,"column":1}},"40":{"start":{"line":41,"column":0},"end":{"line":41,"column":0}},"41":{"start":{"line":42,"column":0},"end":{"line":42,"column":52}}},"s":{"0":1,"1":1,"2":1,"3":5,"4":5,"5":5,"6":1,"7":1,"8":5,"9":1,"10":1,"11":5,"12":1,"13":1,"14":2,"15":1,"16":1,"17":2,"18":1,"19":1,"20":1,"21":5,"22":0,"23":0,"24":0,"25":0,"26":0,"27":0,"28":0,"29":0,"30":5,"31":5,"32":5,"33":5,"34":5,"35":5,"36":5,"37":5,"38":5,"39":5,"40":1,"41":1},"branchMap":{"0":{"type":"branch","line":4,"loc":{"start":{"line":4,"column":0},"end":{"line":40,"column":1}},"locations":[{"start":{"line":4,"column":0},"end":{"line":40,"column":1}}]},"1":{"type":"branch","line":6,"loc":{"start":{"line":6,"column":16},"end":{"line":8,"column":3}},"locations":[{"start":{"line":6,"column":16},"end":{"line":8,"column":3}}]},"2":{"type":"branch","line":7,"loc":{"start":{"line":7,"column":9},"end":{"line":7,"column":48}},"locations":[{"start":{"line":7,"column":9},"end":{"line":7,"column":48}}]},"3":{"type":"branch","line":9,"loc":{"start":{"line":9,"column":16},"end":{"line":11,"column":3}},"locations":[{"start":{"line":9,"column":16},"end":{"line":11,"column":3}}]},"4":{"type":"branch","line":10,"loc":{"start":{"line":10,"column":9},"end":{"line":10,"column":85}},"locations":[{"start":{"line":10,"column":9},"end":{"line":10,"column":85}}]},"5":{"type":"branch","line":10,"loc":{"start":{"line":10,"column":45},"end":{"line":10,"column":84}},"locations":[{"start":{"line":10,"column":45},"end":{"line":10,"column":84}}]},"6":{"type":"branch","line":12,"loc":{"start":{"line":12,"column":16},"end":{"line":21,"column":3}},"locations":[{"start":{"line":12,"column":16},"end":{"line":21,"column":3}}]},"7":{"type":"branch","line":13,"loc":{"start":{"line":13,"column":9},"end":{"line":19,"column":5}},"locations":[{"start":{"line":13,"column":9},"end":{"line":19,"column":5}}]},"8":{"type":"branch","line":14,"loc":{"start":{"line":14,"column":13},"end":{"line":19,"column":4}},"locations":[{"start":{"line":14,"column":13},"end":{"line":19,"column":4}}]},"9":{"type":"branch","line":15,"loc":{"start":{"line":15,"column":29},"end":{"line":17,"column":5}},"locations":[{"start":{"line":15,"column":29},"end":{"line":17,"column":5}}]}},"b":{"0":[5],"1":[1],"2":[1],"3":[1],"4":[1],"5":[2],"6":[1],"7":[1],"8":[2],"9":[1]},"fnMap":{"0":{"name":"createUserNotesStore","decl":{"start":{"line":4,"column":0},"end":{"line":40,"column":1}},"loc":{"start":{"line":4,"column":0},"end":{"line":40,"column":1}},"line":4},"1":{"name":"append","decl":{"start":{"line":6,"column":16},"end":{"line":8,"column":3}},"loc":{"start":{"line":6,"column":16},"end":{"line":8,"column":3}},"line":6},"2":{"name":"remove","decl":{"start":{"line":9,"column":16},"end":{"line":11,"column":3}},"loc":{"start":{"line":9,"column":16},"end":{"line":11,"column":3}},"line":9},"3":{"name":"toggle","decl":{"start":{"line":12,"column":16},"end":{"line":21,"column":3}},"loc":{"start":{"line":12,"column":16},"end":{"line":21,"column":3}},"line":12},"4":{"name":"updateItem","decl":{"start":{"line":22,"column":20},"end":{"line":30,"column":3}},"loc":{"start":{"line":22,"column":20},"end":{"line":30,"column":3}},"line":22}},"f":{"0":5,"1":1,"2":1,"3":1,"4":0}}
}
